[0.060s] Invoking command in '/home/etern1ty/ros2_ws/build/communicator': AMENT_PREFIX_PATH=/home/etern1ty/ros2_ws/install/obj_msg:${AMENT_PREFIX_PATH} CMAKE_PREFIX_PATH=/home/etern1ty/ros2_ws/install/obj_msg:/opt/ros/humble LD_LIBRARY_PATH=/home/etern1ty/ros2_ws/install/obj_msg/lib:${LD_LIBRARY_PATH} PYTHONPATH=/home/etern1ty/ros2_ws/install/obj_msg/local/lib/python3.10/dist-packages:${PYTHONPATH} /usr/bin/cmake --build /home/etern1ty/ros2_ws/build/communicator -- -j12 -l12
[0.121s] [ 50%] [32mBuilding CXX object CMakeFiles/communicator.dir/src/communicator.cpp.o[0m
[0.811s] [01m[K/home/etern1ty/ros2_ws/src/communicator/src/communicator.cpp:8:10:[m[K [01;31m[Kfatal error: [m[Kobj_msg/motion.hpp: No such file or directory
[0.811s]     8 | #include [01;31m[K"obj_msg/motion.hpp"[m[K
[0.811s]       |          [01;31m[K^~~~~~~~~~~~~~~~~~~~[m[K
[0.811s] compilation terminated.
[0.818s] gmake[2]: *** [CMakeFiles/communicator.dir/build.make:76: CMakeFiles/communicator.dir/src/communicator.cpp.o] Error 1
[0.818s] gmake[1]: *** [CMakeFiles/Makefile2:137: CMakeFiles/communicator.dir/all] Error 2
[0.819s] gmake: *** [Makefile:146: all] Error 2
[0.822s] Invoked command in '/home/etern1ty/ros2_ws/build/communicator' returned '2': AMENT_PREFIX_PATH=/home/etern1ty/ros2_ws/install/obj_msg:${AMENT_PREFIX_PATH} CMAKE_PREFIX_PATH=/home/etern1ty/ros2_ws/install/obj_msg:/opt/ros/humble LD_LIBRARY_PATH=/home/etern1ty/ros2_ws/install/obj_msg/lib:${LD_LIBRARY_PATH} PYTHONPATH=/home/etern1ty/ros2_ws/install/obj_msg/local/lib/python3.10/dist-packages:${PYTHONPATH} /usr/bin/cmake --build /home/etern1ty/ros2_ws/build/communicator -- -j12 -l12
