[0.080s] Invoking command in '/home/etern1ty/ros2_ws/build/flare_detect': AMENT_PREFIX_PATH=/home/etern1ty/ros2_ws/install/obj_msg:${AMENT_PREFIX_PATH} CMAKE_PREFIX_PATH=/home/etern1ty/ros2_ws/install/obj_msg:/home/etern1ty/ros2_ws/install/cpp_pubsub:/home/etern1ty/ros2_ws/install/tutorial_interfaces:/home/etern1ty/ros2_ws/install/ros2_color_detection:/home/etern1ty/ros2_ws/install/pub_controller:/home/etern1ty/ros2_ws/install/my_package:/home/etern1ty/ros2_ws/install/flare_detect:/home/etern1ty/ros2_ws/install/examples_rclcpp_wait_set:/home/etern1ty/ros2_ws/install/examples_rclcpp_multithreaded_executor:/home/etern1ty/ros2_ws/install/examples_rclcpp_minimal_timer:/home/etern1ty/ros2_ws/install/examples_rclcpp_minimal_subscriber:/home/etern1ty/ros2_ws/install/examples_rclcpp_minimal_service:/home/etern1ty/ros2_ws/install/examples_rclcpp_minimal_publisher:/home/etern1ty/ros2_ws/install/examples_rclcpp_minimal_composition:/home/etern1ty/ros2_ws/install/examples_rclcpp_minimal_client:/home/etern1ty/ros2_ws/install/examples_rclcpp_minimal_action_server:/home/etern1ty/ros2_ws/install/examples_rclcpp_minimal_action_client:/home/etern1ty/ros2_ws/install/examples_rclcpp_cbg_executor:/home/etern1ty/ros2_ws/install/examples_rclcpp_async_client:/home/etern1ty/ros2_ws/install/custom_msg_pub:/home/etern1ty/ros2_ws/install/launch_testing_examples:/home/etern1ty/ros2_ws/install/examples_rclpy_pointcloud_publisher:/home/etern1ty/ros2_ws/install/examples_rclpy_minimal_subscriber:/home/etern1ty/ros2_ws/install/examples_rclpy_minimal_service:/home/etern1ty/ros2_ws/install/examples_rclpy_minimal_publisher:/home/etern1ty/ros2_ws/install/examples_rclpy_minimal_client:/home/etern1ty/ros2_ws/install/examples_rclpy_minimal_action_server:/home/etern1ty/ros2_ws/install/examples_rclpy_minimal_action_client:/home/etern1ty/ros2_ws/install/examples_rclpy_guard_conditions:/home/etern1ty/ros2_ws/install/examples_rclpy_executors:/opt/ros/humble LD_LIBRARY_PATH=/home/etern1ty/ros2_ws/install/obj_msg/lib:${LD_LIBRARY_PATH} PYTHONPATH=/home/etern1ty/ros2_ws/install/obj_msg/local/lib/python3.10/dist-packages:${PYTHONPATH} /usr/bin/cmake --build /home/etern1ty/ros2_ws/build/flare_detect -- -j12 -l12
[0.114s] -- Found ament_cmake: 1.3.7 (/opt/ros/humble/share/ament_cmake/cmake)
[0.294s] -- Found rclcpp: 16.0.8 (/opt/ros/humble/share/rclcpp/cmake)
[0.326s] -- Found rosidl_generator_c: 3.1.5 (/opt/ros/humble/share/rosidl_generator_c/cmake)
[0.328s] -- Found rosidl_adapter: 3.1.5 (/opt/ros/humble/share/rosidl_adapter/cmake)
[0.334s] -- Found rosidl_generator_cpp: 3.1.5 (/opt/ros/humble/share/rosidl_generator_cpp/cmake)
[0.350s] -- Using all available rosidl_typesupport_c: rosidl_typesupport_fastrtps_c;rosidl_typesupport_introspection_c
[0.372s] -- Using all available rosidl_typesupport_cpp: rosidl_typesupport_fastrtps_cpp;rosidl_typesupport_introspection_cpp
[0.430s] -- Found rmw_implementation_cmake: 6.1.1 (/opt/ros/humble/share/rmw_implementation_cmake/cmake)
[0.432s] -- Found rmw_fastrtps_cpp: 6.2.6 (/opt/ros/humble/share/rmw_fastrtps_cpp/cmake)
[0.585s] -- Using RMW implementation 'rmw_fastrtps_cpp' as default
[0.729s] -- Found rosidl_default_generators: 1.2.0 (/opt/ros/humble/share/rosidl_default_generators/cmake)
[0.738s] -- Found obj_msg: 0.0.0 (/home/etern1ty/ros2_ws/install/obj_msg/share/obj_msg/cmake)
[0.751s] -- Found ament_lint_auto: 0.12.10 (/opt/ros/humble/share/ament_lint_auto/cmake)
[0.832s] -- Added test 'cppcheck' to perform static code analysis on C / C++ code
[0.832s] -- Configured cppcheck include dirs: 
[0.832s] -- Configured cppcheck exclude dirs and/or files: 
[0.832s] -- Added test 'lint_cmake' to check CMake code style
[0.833s] -- Added test 'uncrustify' to check C / C++ code style
[0.833s] -- Configured uncrustify additional arguments: 
[0.833s] -- Added test 'xmllint' to check XML markup files
[0.835s] -- Configuring done
[0.846s] -- Generating done
[0.848s] -- Build files have been written to: /home/etern1ty/ros2_ws/build/flare_detect
[0.882s] [35m[1mConsolidate compiler generated dependencies of target detection[0m
[0.922s] [ 50%] [32mBuilding CXX object CMakeFiles/detection.dir/src/detection.cpp.o[0m
[1.311s] [01m[K/home/etern1ty/ros2_ws/src/flare_detect/src/detection.cpp:24:10:[m[K [01;31m[Kfatal error: [m[Kobj_msg/msg/detected.hpp: No such file or directory
[1.312s]    24 | #include [01;31m[K"obj_msg/msg/detected.hpp"[m[K
[1.312s]       |          [01;31m[K^~~~~~~~~~~~~~~~~~~~~~~~~~[m[K
[1.312s] compilation terminated.
[1.317s] gmake[2]: *** [CMakeFiles/detection.dir/build.make:76: CMakeFiles/detection.dir/src/detection.cpp.o] Error 1
[1.317s] gmake[1]: *** [CMakeFiles/Makefile2:137: CMakeFiles/detection.dir/all] Error 2
[1.317s] gmake: *** [Makefile:146: all] Error 2
[1.321s] Invoked command in '/home/etern1ty/ros2_ws/build/flare_detect' returned '2': AMENT_PREFIX_PATH=/home/etern1ty/ros2_ws/install/obj_msg:${AMENT_PREFIX_PATH} CMAKE_PREFIX_PATH=/home/etern1ty/ros2_ws/install/obj_msg:/home/etern1ty/ros2_ws/install/cpp_pubsub:/home/etern1ty/ros2_ws/install/tutorial_interfaces:/home/etern1ty/ros2_ws/install/ros2_color_detection:/home/etern1ty/ros2_ws/install/pub_controller:/home/etern1ty/ros2_ws/install/my_package:/home/etern1ty/ros2_ws/install/flare_detect:/home/etern1ty/ros2_ws/install/examples_rclcpp_wait_set:/home/etern1ty/ros2_ws/install/examples_rclcpp_multithreaded_executor:/home/etern1ty/ros2_ws/install/examples_rclcpp_minimal_timer:/home/etern1ty/ros2_ws/install/examples_rclcpp_minimal_subscriber:/home/etern1ty/ros2_ws/install/examples_rclcpp_minimal_service:/home/etern1ty/ros2_ws/install/examples_rclcpp_minimal_publisher:/home/etern1ty/ros2_ws/install/examples_rclcpp_minimal_composition:/home/etern1ty/ros2_ws/install/examples_rclcpp_minimal_client:/home/etern1ty/ros2_ws/install/examples_rclcpp_minimal_action_server:/home/etern1ty/ros2_ws/install/examples_rclcpp_minimal_action_client:/home/etern1ty/ros2_ws/install/examples_rclcpp_cbg_executor:/home/etern1ty/ros2_ws/install/examples_rclcpp_async_client:/home/etern1ty/ros2_ws/install/custom_msg_pub:/home/etern1ty/ros2_ws/install/launch_testing_examples:/home/etern1ty/ros2_ws/install/examples_rclpy_pointcloud_publisher:/home/etern1ty/ros2_ws/install/examples_rclpy_minimal_subscriber:/home/etern1ty/ros2_ws/install/examples_rclpy_minimal_service:/home/etern1ty/ros2_ws/install/examples_rclpy_minimal_publisher:/home/etern1ty/ros2_ws/install/examples_rclpy_minimal_client:/home/etern1ty/ros2_ws/install/examples_rclpy_minimal_action_server:/home/etern1ty/ros2_ws/install/examples_rclpy_minimal_action_client:/home/etern1ty/ros2_ws/install/examples_rclpy_guard_conditions:/home/etern1ty/ros2_ws/install/examples_rclpy_executors:/opt/ros/humble LD_LIBRARY_PATH=/home/etern1ty/ros2_ws/install/obj_msg/lib:${LD_LIBRARY_PATH} PYTHONPATH=/home/etern1ty/ros2_ws/install/obj_msg/local/lib/python3.10/dist-packages:${PYTHONPATH} /usr/bin/cmake --build /home/etern1ty/ros2_ws/build/flare_detect -- -j12 -l12
