[01m[K/home/etern1ty/ros2_ws/src/flare_detect/src/detection.cpp:[m[K In constructor â€˜[01m[KDetection::Detection()[m[Kâ€™:
[01m[K/home/etern1ty/ros2_ws/src/flare_detect/src/detection.cpp:58:9:[m[K [01;31m[Kerror: [m[Kâ€˜[01m[Kcvtcolor[m[Kâ€™ was not declared in this scope
   58 |         [01;31m[Kcvtcolor[m[K(frame, framehsv, COLOR_BGR2HSV);
      |         [01;31m[K^~~~~~~~[m[K
[01m[K/home/etern1ty/ros2_ws/src/flare_detect/src/detection.cpp:69:36:[m[K [01;31m[Kerror: [m[Kfound â€˜[01m[K:[m[Kâ€™ in nested-name-specifier, expected â€˜[01m[K::[m[Kâ€™
   69 |         auto message = flare_detect[01;31m[K:[m[Kmsg::Detected();
      |                                    [01;31m[K^[m[K
      |                                    [32m[K::[m[K
gmake[2]: *** [CMakeFiles/detection.dir/build.make:76: CMakeFiles/detection.dir/src/detection.cpp.o] Error 1
gmake[1]: *** [CMakeFiles/Makefile2:593: CMakeFiles/detection.dir/all] Error 2
gmake: *** [Makefile:146: all] Error 2
