[0.055s] Invoking command in '/home/etern1ty/ros2_ws/build/flare_detect': CMAKE_PREFIX_PATH=/opt/ros/humble /usr/bin/cmake --build /home/etern1ty/ros2_ws/build/flare_detect -- -j12 -l12
[0.146s] [  3%] Built target flare_detect__cpp
[0.148s] [ 12%] Built target flare_detect__rosidl_generator_c
[0.160s] [ 12%] Built target ament_cmake_python_copy_flare_detect
[0.179s] [ 45%] Built target flare_detect__rosidl_typesupport_introspection_cpp
[0.179s] [ 51%] Built target flare_detect__rosidl_typesupport_fastrtps_cpp
[0.179s] [ 51%] Built target flare_detect__rosidl_typesupport_introspection_c
[0.179s] [ 51%] Built target flare_detect__rosidl_typesupport_fastrtps_c
[0.179s] [ 57%] Built target flare_detect__rosidl_typesupport_c
[0.180s] [ 66%] Built target flare_detect__rosidl_typesupport_cpp
[0.195s] [35m[1mConsolidate compiler generated dependencies of target detection[0m
[0.208s] [ 66%] Built target flare_detect
[0.225s] [ 69%] [32mBuilding CXX object CMakeFiles/detection.dir/src/detection.cpp.o[0m
[0.235s] [ 72%] Built target flare_detect__py
[0.262s] [ 78%] Built target flare_detect__rosidl_generator_py
[0.289s] [ 90%] Built target flare_detect__rosidl_typesupport_fastrtps_c__pyext
[0.289s] [ 90%] Built target flare_detect__rosidl_typesupport_introspection_c__pyext
[0.289s] [ 96%] Built target flare_detect__rosidl_typesupport_c__pyext
[0.412s] running egg_info
[0.412s] writing flare_detect.egg-info/PKG-INFO
[0.412s] writing dependency_links to flare_detect.egg-info/dependency_links.txt
[0.413s] writing top-level names to flare_detect.egg-info/top_level.txt
[0.415s] reading manifest file 'flare_detect.egg-info/SOURCES.txt'
[0.415s] writing manifest file 'flare_detect.egg-info/SOURCES.txt'
[0.458s] [ 96%] Built target ament_cmake_python_build_flare_detect_egg
[3.169s] [01m[K/home/etern1ty/ros2_ws/src/flare_detect/src/detection.cpp:[m[K In constructor â€˜[01m[KDetection::Detection()[m[Kâ€™:
[3.169s] [01m[K/home/etern1ty/ros2_ws/src/flare_detect/src/detection.cpp:58:9:[m[K [01;31m[Kerror: [m[Kâ€˜[01m[Kcvtcolor[m[Kâ€™ was not declared in this scope
[3.169s]    58 |         [01;31m[Kcvtcolor[m[K(frame, framehsv, COLOR_BGR2HSV);
[3.169s]       |         [01;31m[K^~~~~~~~[m[K
[3.171s] [01m[K/home/etern1ty/ros2_ws/src/flare_detect/src/detection.cpp:69:36:[m[K [01;31m[Kerror: [m[Kfound â€˜[01m[K:[m[Kâ€™ in nested-name-specifier, expected â€˜[01m[K::[m[Kâ€™
[3.171s]    69 |         auto message = flare_detect[01;31m[K:[m[Kmsg::Detected();
[3.171s]       |                                    [01;31m[K^[m[K
[3.171s]       |                                    [32m[K::[m[K
[4.731s] gmake[2]: *** [CMakeFiles/detection.dir/build.make:76: CMakeFiles/detection.dir/src/detection.cpp.o] Error 1
[4.731s] gmake[1]: *** [CMakeFiles/Makefile2:593: CMakeFiles/detection.dir/all] Error 2
[4.731s] gmake: *** [Makefile:146: all] Error 2
[4.749s] Invoked command in '/home/etern1ty/ros2_ws/build/flare_detect' returned '2': CMAKE_PREFIX_PATH=/opt/ros/humble /usr/bin/cmake --build /home/etern1ty/ros2_ws/build/flare_detect -- -j12 -l12
