-- Found ament_cmake: 1.3.7 (/opt/ros/humble/share/ament_cmake/cmake)
-- Found rclcpp: 16.0.8 (/opt/ros/humble/share/rclcpp/cmake)
-- Found rosidl_generator_c: 3.1.5 (/opt/ros/humble/share/rosidl_generator_c/cmake)
-- Found rosidl_adapter: 3.1.5 (/opt/ros/humble/share/rosidl_adapter/cmake)
-- Found rosidl_generator_cpp: 3.1.5 (/opt/ros/humble/share/rosidl_generator_cpp/cmake)
-- Using all available rosidl_typesupport_c: rosidl_typesupport_fastrtps_c;rosidl_typesupport_introspection_c
-- Using all available rosidl_typesupport_cpp: rosidl_typesupport_fastrtps_cpp;rosidl_typesupport_introspection_cpp
-- Found rmw_implementation_cmake: 6.1.1 (/opt/ros/humble/share/rmw_implementation_cmake/cmake)
-- Found rmw_fastrtps_cpp: 6.2.6 (/opt/ros/humble/share/rmw_fastrtps_cpp/cmake)
-- Using RMW implementation 'rmw_fastrtps_cpp' as default
-- Found rosidl_default_generators: 1.2.0 (/opt/ros/humble/share/rosidl_default_generators/cmake)
-- Found ament_cmake_ros: 0.10.0 (/opt/ros/humble/share/ament_cmake_ros/cmake)
-- Using all available rosidl_typesupport_c: rosidl_typesupport_fastrtps_c;rosidl_typesupport_introspection_c
-- Using all available rosidl_typesupport_cpp: rosidl_typesupport_fastrtps_cpp;rosidl_typesupport_introspection_cpp
-- Found PythonInterp: /usr/bin/python3 (found suitable version "3.10.12", minimum required is "3.6") 
-- Found python_cmake_module: 0.10.0 (/opt/ros/humble/share/python_cmake_module/cmake)
-- Found PythonLibs: /usr/lib/x86_64-linux-gnu/libpython3.10.so (found suitable version "3.10.12", minimum required is "3.5") 
-- Using PYTHON_EXECUTABLE: /usr/bin/python3
-- Using PYTHON_INCLUDE_DIRS: /usr/include/python3.10
-- Using PYTHON_LIBRARIES: /usr/lib/x86_64-linux-gnu/libpython3.10.so
-- Found PythonExtra: .so  
-- Found ament_lint_auto: 0.12.10 (/opt/ros/humble/share/ament_lint_auto/cmake)
-- Added test 'cppcheck' to perform static code analysis on C / C++ code
-- Configured cppcheck include dirs: 
-- Configured cppcheck exclude dirs and/or files: 
-- Added test 'lint_cmake' to check CMake code style
-- Added test 'uncrustify' to check C / C++ code style
-- Configured uncrustify additional arguments: 
-- Added test 'xmllint' to check XML markup files
-- Configuring done
-- Generating done
-- Build files have been written to: /home/etern1ty/ros2_ws/build/flare_detect
[  3%] [34m[1mGenerating C code for ROS interfaces[0m
[  6%] [34m[1mGenerating C++ code for ROS interfaces[0m
[  9%] [32mBuilding CXX object CMakeFiles/detection.dir/src/detection.cpp.o[0m
[  9%] Built target ament_cmake_python_copy_flare_detect
[  9%] Built target flare_detect__cpp
[ 15%] [34m[1mGenerating C++ type support for eProsima Fast-RTPS[0m
[ 15%] [34m[1mGenerating C++ type support dispatch for ROS interfaces[0m
[ 18%] [34m[1mGenerating C++ introspection for ROS interfaces[0m
[ 21%] [32mBuilding C object CMakeFiles/flare_detect__rosidl_generator_c.dir/rosidl_generator_c/flare_detect/msg/detail/detected__functions.c.o[0m
running egg_info
creating flare_detect.egg-info
writing flare_detect.egg-info/PKG-INFO
writing dependency_links to flare_detect.egg-info/dependency_links.txt
writing top-level names to flare_detect.egg-info/top_level.txt
writing manifest file 'flare_detect.egg-info/SOURCES.txt'
reading manifest file 'flare_detect.egg-info/SOURCES.txt'
writing manifest file 'flare_detect.egg-info/SOURCES.txt'
[ 24%] [32m[1mLinking C shared library libflare_detect__rosidl_generator_c.so[0m
[ 24%] Built target ament_cmake_python_build_flare_detect_egg
[ 24%] Built target flare_detect__rosidl_generator_c
[ 27%] [34m[1mGenerating C type support for eProsima Fast-RTPS[0m
[ 33%] [34m[1mGenerating C type support dispatch for ROS interfaces[0m
[ 33%] [34m[1mGenerating C introspection for ROS interfaces[0m
[01m[K/home/etern1ty/ros2_ws/src/flare_detect/src/detection.cpp:22:10:[m[K [01;31m[Kfatal error: [m[Kflare_detect/msg/detected.hpp: No such file or directory
   22 | #include [01;31m[K"flare_detect/msg/detected.hpp"[m[K
      |          [01;31m[K^~~~~~~~~~~~~~~~~~~~~~~~~~~~~~~[m[K
compilation terminated.
gmake[2]: *** [CMakeFiles/detection.dir/build.make:76: CMakeFiles/detection.dir/src/detection.cpp.o] Error 1
gmake[1]: *** [CMakeFiles/Makefile2:592: CMakeFiles/detection.dir/all] Error 2
gmake[1]: *** Waiting for unfinished jobs....
[ 36%] [32mBuilding CXX object CMakeFiles/flare_detect__rosidl_typesupport_cpp.dir/rosidl_typesupport_cpp/flare_detect/msg/detected__type_support.cpp.o[0m
[ 39%] [32mBuilding CXX object CMakeFiles/flare_detect__rosidl_typesupport_fastrtps_cpp.dir/rosidl_typesupport_fastrtps_cpp/flare_detect/msg/detail/dds_fastrtps/detected__type_support.cpp.o[0m
[ 42%] [32mBuilding CXX object CMakeFiles/flare_detect__rosidl_typesupport_introspection_cpp.dir/rosidl_typesupport_introspection_cpp/flare_detect/msg/detail/detected__type_support.cpp.o[0m
[ 45%] [32mBuilding CXX object CMakeFiles/flare_detect__rosidl_typesupport_c.dir/rosidl_typesupport_c/flare_detect/msg/detected__type_support.cpp.o[0m
[ 48%] [32mBuilding CXX object CMakeFiles/flare_detect__rosidl_typesupport_fastrtps_c.dir/rosidl_typesupport_fastrtps_c/flare_detect/msg/detail/detected__type_support_c.cpp.o[0m
[ 51%] [32m[1mLinking CXX shared library libflare_detect__rosidl_typesupport_c.so[0m
[ 54%] [32mBuilding C object CMakeFiles/flare_detect__rosidl_typesupport_introspection_c.dir/rosidl_typesupport_introspection_c/flare_detect/msg/detail/detected__type_support.c.o[0m
[ 57%] [32m[1mLinking C shared library libflare_detect__rosidl_typesupport_introspection_c.so[0m
[ 57%] Built target flare_detect__rosidl_typesupport_c
[ 57%] Built target flare_detect__rosidl_typesupport_introspection_c
[ 60%] [32m[1mLinking CXX shared library libflare_detect__rosidl_typesupport_cpp.so[0m
[ 60%] Built target flare_detect__rosidl_typesupport_cpp
[ 63%] [32m[1mLinking CXX shared library libflare_detect__rosidl_typesupport_introspection_cpp.so[0m
[ 66%] [32m[1mLinking CXX shared library libflare_detect__rosidl_typesupport_fastrtps_cpp.so[0m
[ 66%] Built target flare_detect__rosidl_typesupport_introspection_cpp
[ 69%] [32m[1mLinking CXX shared library libflare_detect__rosidl_typesupport_fastrtps_c.so[0m
[ 69%] Built target flare_detect__rosidl_typesupport_fastrtps_cpp
[ 69%] Built target flare_detect__rosidl_typesupport_fastrtps_c
gmake: *** [Makefile:146: all] Error 2
