[01m[K/home/etern1ty/ros2_ws/src/yolo/src/yolo_func.cpp:[m[K In member function â€˜[01m[Kvoid YoloPublisher::publish_image()[m[Kâ€™:
[01m[K/home/etern1ty/ros2_ws/src/yolo/src/yolo_func.cpp:53:80:[m[K [01;31m[Kerror: [m[Kâ€˜[01m[Kresult[m[Kâ€™ was not declared in this scope
   53 | g_msg = cv_bridge::CvImage(std_msgs::msg::Header(), "bgr8", [01;31m[Kresult[m[K).toImageMsg();
      |                                                             [01;31m[K^~~~~~[m[K

gmake[2]: *** [CMakeFiles/yolo_func.dir/build.make:76: CMakeFiles/yolo_func.dir/src/yolo_func.cpp.o] Error 1
gmake[1]: *** [CMakeFiles/Makefile2:137: CMakeFiles/yolo_func.dir/all] Error 2
gmake: *** [Makefile:146: all] Error 2
