In file included from [01m[K/home/etern1ty/ros2_ws/src/yolo/src/yolo_func.cpp:12[m[K:
[01m[K/opt/ros/humble/include/rcpputils/rcpputils/get_env.hpp:36:2:[m[K [01;35m[Kwarning: [m[K#warning rcpputils/get_env.hpp has been deprecated, please include rcpputils/env.hpp instead [[01;35m[K]8;;https://gcc.gnu.org/onlinedocs/gcc/Warning-Options.html#index-Wcpp-Wcpp]8;;[m[K]
   36 | #[01;35m[Kwarning[m[K rcpputils/get_env.hpp has been deprecated, please include rcpputils/env.hpp instead
      |  [01;35m[K^~~~~~~[m[K
[01m[K/home/etern1ty/ros2_ws/src/yolo/src/yolo_func.cpp:[m[K In member function â€˜[01m[Kvoid YoloPublisher::publish_image()[m[Kâ€™:
[01m[K/home/etern1ty/ros2_ws/src/yolo/src/yolo_func.cpp:50:34:[m[K [01;31m[Kerror: [m[Kreference to â€˜[01m[Ksize[m[Kâ€™ is ambiguous
   50 |             resize(frame, image, [01;31m[Ksize[m[K);
      |                                  [01;31m[K^~~~[m[K
In file included from [01m[K/usr/include/c++/11/array:41[m[K,
                 from [01m[K/usr/include/c++/11/tuple:39[m[K,
                 from [01m[K/usr/include/c++/11/functional:54[m[K,
                 from [01m[K/home/etern1ty/ros2_ws/src/yolo/src/yolo_func.cpp:2[m[K:
[01m[K/usr/include/c++/11/bits/range_access.h:254:5:[m[K [01;36m[Knote: [m[Kcandidates are: â€˜[01m[Ktemplate<class _Tp, long unsigned int _Nm> constexpr std::size_t std::size(const _Tp (&)[_Nm])[m[Kâ€™
  254 |     [01;36m[Ksize[m[K(const _Tp (&)[_Nm]) noexcept
      |     [01;36m[K^~~~[m[K
[01m[K/usr/include/c++/11/bits/range_access.h:245:5:[m[K [01;36m[Knote: [m[K                â€˜[01m[Ktemplate<class _Container> constexpr decltype (__cont.size()) std::size(const _Container&)[m[Kâ€™
  245 |     [01;36m[Ksize[m[K(const _Container& __cont) noexcept(noexcept(__cont.size()))
      |     [01;36m[K^~~~[m[K
[01m[K/home/etern1ty/ros2_ws/src/yolo/src/yolo_func.cpp:20:6:[m[K [01;36m[Knote: [m[K                â€˜[01m[Kcv::Size size[m[Kâ€™
   20 | Size [01;36m[Ksize[m[K(640, 480);
      |      [01;36m[K^~~~[m[K
gmake[2]: *** [CMakeFiles/yolo_func.dir/build.make:76: CMakeFiles/yolo_func.dir/src/yolo_func.cpp.o] Error 1
gmake[1]: *** [CMakeFiles/Makefile2:137: CMakeFiles/yolo_func.dir/all] Error 2
gmake: *** [Makefile:146: all] Error 2
