[0.052s] Invoking command in '/home/etern1ty/ros2_ws/build/yolo': CMAKE_PREFIX_PATH=/opt/ros/humble /usr/bin/cmake --build /home/etern1ty/ros2_ws/build/yolo -- -j12 -l12
[0.093s] -- Found ament_cmake: 1.3.7 (/opt/ros/humble/share/ament_cmake/cmake)
[0.241s] -- Found rclcpp: 16.0.8 (/opt/ros/humble/share/rclcpp/cmake)
[0.297s] -- Found rosidl_generator_c: 3.1.5 (/opt/ros/humble/share/rosidl_generator_c/cmake)
[0.303s] -- Found rosidl_adapter: 3.1.5 (/opt/ros/humble/share/rosidl_adapter/cmake)
[0.313s] -- Found rosidl_generator_cpp: 3.1.5 (/opt/ros/humble/share/rosidl_generator_cpp/cmake)
[0.330s] -- Using all available rosidl_typesupport_c: rosidl_typesupport_fastrtps_c;rosidl_typesupport_introspection_c
[0.351s] -- Using all available rosidl_typesupport_cpp: rosidl_typesupport_fastrtps_cpp;rosidl_typesupport_introspection_cpp
[0.425s] -- Found rmw_implementation_cmake: 6.1.1 (/opt/ros/humble/share/rmw_implementation_cmake/cmake)
[0.428s] -- Found rmw_fastrtps_cpp: 6.2.6 (/opt/ros/humble/share/rmw_fastrtps_cpp/cmake)
[0.565s] -- Found OpenSSL: /usr/lib/x86_64-linux-gnu/libcrypto.so (found version "3.0.2")  
[0.599s] -- Found FastRTPS: /opt/ros/humble/include  
[0.651s] -- Using RMW implementation 'rmw_fastrtps_cpp' as default
[0.663s] -- Looking for pthread.h
[0.746s] -- Looking for pthread.h - found
[0.746s] -- Performing Test CMAKE_HAVE_LIBC_PTHREAD
[0.825s] -- Performing Test CMAKE_HAVE_LIBC_PTHREAD - Success
[0.826s] -- Found Threads: TRUE  
[0.983s] -- Found OpenCV: /usr/local (found version "4.9.0") 
[0.985s] -- Found sensor_msgs: 4.2.3 (/opt/ros/humble/share/sensor_msgs/cmake)
[1.108s] -- Found cv_bridge: 3.2.1 (/opt/ros/humble/share/cv_bridge/cmake)
[1.114s] -- Found ament_lint_auto: 0.12.10 (/opt/ros/humble/share/ament_lint_auto/cmake)
[1.183s] -- Added test 'cppcheck' to perform static code analysis on C / C++ code
[1.183s] -- Configured cppcheck include dirs: 
[1.183s] -- Configured cppcheck exclude dirs and/or files: 
[1.184s] -- Added test 'lint_cmake' to check CMake code style
[1.185s] -- Added test 'uncrustify' to check C / C++ code style
[1.185s] -- Configured uncrustify additional arguments: 
[1.185s] -- Added test 'xmllint' to check XML markup files
[1.187s] -- Configuring done
[1.200s] -- Generating done
[1.201s] -- Build files have been written to: /home/etern1ty/ros2_ws/build/yolo
[1.239s] [ 50%] [32mBuilding CXX object CMakeFiles/yolo_func.dir/src/yolo_func.cpp.o[0m
[1.677s] In file included from [01m[K/home/etern1ty/ros2_ws/src/yolo/src/yolo_func.cpp:12[m[K:
[1.677s] [01m[K/opt/ros/humble/include/rcpputils/rcpputils/get_env.hpp:36:2:[m[K [01;35m[Kwarning: [m[K#warning rcpputils/get_env.hpp has been deprecated, please include rcpputils/env.hpp instead [[01;35m[K]8;;https://gcc.gnu.org/onlinedocs/gcc/Warning-Options.html#index-Wcpp-Wcpp]8;;[m[K]
[1.677s]    36 | #[01;35m[Kwarning[m[K rcpputils/get_env.hpp has been deprecated, please include rcpputils/env.hpp instead
[1.677s]       |  [01;35m[K^~~~~~~[m[K
[4.311s] [01m[K/home/etern1ty/ros2_ws/src/yolo/src/yolo_func.cpp:[m[K In member function â€˜[01m[Kvoid YoloPublisher::publish_image()[m[Kâ€™:
[4.311s] [01m[K/home/etern1ty/ros2_ws/src/yolo/src/yolo_func.cpp:50:34:[m[K [01;31m[Kerror: [m[Kreference to â€˜[01m[Ksize[m[Kâ€™ is ambiguous
[4.311s]    50 |             resize(frame, image, [01;31m[Ksize[m[K);
[4.311s]       |                                  [01;31m[K^~~~[m[K
[4.311s] In file included from [01m[K/usr/include/c++/11/array:41[m[K,
[4.311s]                  from [01m[K/usr/include/c++/11/tuple:39[m[K,
[4.311s]                  from [01m[K/usr/include/c++/11/functional:54[m[K,
[4.311s]                  from [01m[K/home/etern1ty/ros2_ws/src/yolo/src/yolo_func.cpp:2[m[K:
[4.311s] [01m[K/usr/include/c++/11/bits/range_access.h:254:5:[m[K [01;36m[Knote: [m[Kcandidates are: â€˜[01m[Ktemplate<class _Tp, long unsigned int _Nm> constexpr std::size_t std::size(const _Tp (&)[_Nm])[m[Kâ€™
[4.311s]   254 |     [01;36m[Ksize[m[K(const _Tp (&)[_Nm]) noexcept
[4.311s]       |     [01;36m[K^~~~[m[K
[4.311s] [01m[K/usr/include/c++/11/bits/range_access.h:245:5:[m[K [01;36m[Knote: [m[K                â€˜[01m[Ktemplate<class _Container> constexpr decltype (__cont.size()) std::size(const _Container&)[m[Kâ€™
[4.311s]   245 |     [01;36m[Ksize[m[K(const _Container& __cont) noexcept(noexcept(__cont.size()))
[4.311s]       |     [01;36m[K^~~~[m[K
[4.311s] [01m[K/home/etern1ty/ros2_ws/src/yolo/src/yolo_func.cpp:20:6:[m[K [01;36m[Knote: [m[K                â€˜[01m[Kcv::Size size[m[Kâ€™
[4.311s]    20 | Size [01;36m[Ksize[m[K(640, 480);
[4.311s]       |      [01;36m[K^~~~[m[K
[5.407s] gmake[2]: *** [CMakeFiles/yolo_func.dir/build.make:76: CMakeFiles/yolo_func.dir/src/yolo_func.cpp.o] Error 1
[5.407s] gmake[1]: *** [CMakeFiles/Makefile2:137: CMakeFiles/yolo_func.dir/all] Error 2
[5.407s] gmake: *** [Makefile:146: all] Error 2
[5.410s] Invoked command in '/home/etern1ty/ros2_ws/build/yolo' returned '2': CMAKE_PREFIX_PATH=/opt/ros/humble /usr/bin/cmake --build /home/etern1ty/ros2_ws/build/yolo -- -j12 -l12
