[35m[1mConsolidate compiler generated dependencies of target detection[0m
[ 50%] [32mBuilding CXX object CMakeFiles/detection.dir/src/detection.cpp.o[0m
[01m[K/home/etern1ty/ros2_ws/src/flare_detect/src/detection.cpp:76:15:[m[K [01;31m[Kerror: [m[Kexpected â€˜[01m[K;[m[Kâ€™ at end of member declaration
   76 |   void morph( [01;31m[K)[m[K
      |               [01;31m[K^[m[K
      |                [32m[K;[m[K
gmake[2]: *** [CMakeFiles/detection.dir/build.make:76: CMakeFiles/detection.dir/src/detection.cpp.o] Error 1
gmake[1]: *** [CMakeFiles/Makefile2:137: CMakeFiles/detection.dir/all] Error 2
gmake: *** [Makefile:146: all] Error 2
