[01m[K/home/etern1ty/ros2_ws/src/pub_controller/src/pub_func.cpp:[m[K In constructor â€˜[01m[KController::Controller()[m[Kâ€™:
[01m[K/home/etern1ty/ros2_ws/src/pub_controller/src/pub_func.cpp:67:25:[m[K [01;31m[Kerror: [m[Kâ€˜[01m[Kclass Controller[m[Kâ€™ has no member named â€˜[01m[Kcreate_subscribe[m[Kâ€™; did you mean â€˜[01m[Kcreate_subscription[m[Kâ€™?
   67 |     subscriber_ = this->[01;31m[Kcreate_subscribe[m[K<sensor_msgs::msg::Joy>(
      |                         [01;31m[K^~~~~~~~~~~~~~~~[m[K
      |                         [32m[Kcreate_subscription[m[K
[01m[K/home/etern1ty/ros2_ws/src/pub_controller/src/pub_func.cpp:67:63:[m[K [01;31m[Kerror: [m[Kexpected primary-expression before â€˜[01m[K>[m[Kâ€™ token
   67 |     subscriber_ = this->create_subscribe<sensor_msgs::msg::Joy[01;31m[K>[m[K(
      |                                                               [01;31m[K^[m[K
[01m[K/home/etern1ty/ros2_ws/src/pub_controller/src/pub_func.cpp:68:9:[m[K [01;35m[Kwarning: [m[Kleft operand of comma operator has no effect [[01;35m[K]8;;https://gcc.gnu.org/onlinedocs/gcc/Warning-Options.html#index-Wunused-value-Wunused-value]8;;[m[K]
   68 |         [01;35m[K"joy"[m[K, 10, std::bind(&Controller::topic_callback, this, _1);
      |         [01;35m[K^~~~~[m[K
[01m[K/home/etern1ty/ros2_ws/src/pub_controller/src/pub_func.cpp:68:67:[m[K [01;35m[Kwarning: [m[Kright operand of comma operator has no effect [[01;35m[K]8;;https://gcc.gnu.org/onlinedocs/gcc/Warning-Options.html#index-Wunused-value-Wunused-value]8;;[m[K]
   68 |         "joy", 10, std::bind(&Controller::topic_callback, this, _1[01;35m[K)[m[K;
      |                                                                   [01;35m[K^[m[K
[01m[K/home/etern1ty/ros2_ws/src/pub_controller/src/pub_func.cpp:68:68:[m[K [01;31m[Kerror: [m[Kexpected â€˜[01m[K)[m[Kâ€™ before â€˜[01m[K;[m[Kâ€™ token
   68 |         "joy", 10, std::bind(&Controller::topic_callback, this, _1)[01;31m[K;[m[K
      |                                                                    [01;31m[K^[m[K
[01m[K/home/etern1ty/ros2_ws/src/pub_controller/src/pub_func.cpp:67:64:[m[K [01;36m[Knote: [m[Kto match this â€˜[01m[K([m[Kâ€™
   67 |     subscriber_ = this->create_subscribe<sensor_msgs::msg::Joy>[01;36m[K([m[K
      |                                                                [01;36m[K^[m[K
[01m[K/home/etern1ty/ros2_ws/src/pub_controller/src/pub_func.cpp:69:5:[m[K [01;31m[Kerror: [m[Kexpected primary-expression before â€˜[01m[K)[m[Kâ€™ token
   69 |     [01;31m[K)[m[K
      |     [01;31m[K^[m[K
[01m[K/home/etern1ty/ros2_ws/src/pub_controller/src/pub_func.cpp:[m[K In member function â€˜[01m[Kvoid Controller::topic_callback(const Joy&)[m[Kâ€™:
[01m[K/home/etern1ty/ros2_ws/src/pub_controller/src/pub_func.cpp:75:51:[m[K [01;31m[Kerror: [m[Kexpected primary-expression before â€˜[01m[K;[m[Kâ€™ token
   75 |     auto motion_data = pub_controller::msg::Motion[01;31m[K;[m[K
      |                                                   [01;31m[K^[m[K
gmake[2]: *** [CMakeFiles/controller.dir/build.make:76: CMakeFiles/controller.dir/src/pub_func.cpp.o] Error 1
gmake[1]: *** [CMakeFiles/Makefile2:593: CMakeFiles/controller.dir/all] Error 2
gmake: *** [Makefile:146: all] Error 2
