[0.641s] Invoking command in '/home/etern1ty/ros2_ws/src/src/examples/launch_testing/launch_testing_examples': AMENT_PREFIX_PATH=/home/etern1ty/ros2_ws/install/launch_testing_examples:${AMENT_PREFIX_PATH} PYTEST_ADDOPTS=--tb=short --junit-xml=/home/etern1ty/ros2_ws/build/launch_testing_examples/pytest.xml --junit-prefix=launch_testing_examples -o cache_dir=/home/etern1ty/ros2_ws/build/launch_testing_examples/.pytest_cache PYTHONPATH=/home/etern1ty/ros2_ws/install/launch_testing_examples/lib/python3.10/site-packages:${PYTHONPATH} /usr/bin/python3 -m pytest
[0.875s] [1m============================= test session starts ==============================[0m
[0.875s] platform linux -- Python 3.10.12, pytest-6.2.5, py-1.10.0, pluggy-0.13.0
[0.879s] cachedir: /home/etern1ty/ros2_ws/build/launch_testing_examples/.pytest_cache
[0.879s] rootdir: /home/etern1ty/ros2_ws/src/src/examples/launch_testing/launch_testing_examples
[0.879s] plugins: launch-testing-1.0.4, ament-xmllint-0.12.10, ament-copyright-0.12.10, launch-testing-ros-0.19.7, ament-lint-0.12.10, ament-pep257-0.12.10, ament-flake8-0.12.10, colcon-core-0.15.1, cov-3.0.0
[1.124s] [1mcollecting ... [0m[1m
[1.124s] collected 9 items                                                              [0m
[1.124s] 
[6.322s] launch_testing_examples/check_msgs_launch_test.py [31mF[0m[31m                      [ 11%][0m
[10.146s] launch_testing_examples/check_multiple_nodes_launch_test.py [32m.[0m[31m            [ 22%][0m
[15.804s] launch_testing_examples/check_node_launch_test.py [32m.[0m[31m                      [ 33%][0m
[15.812s] launch_testing_examples/hello_world_launch_test.py [32m.[0m[31m                     [ 44%][0m
[19.037s] launch_testing_examples/record_rosbag_launch_test.py [32m.[0m[31m                   [ 55%][0m
[19.425s] launch_testing_examples/set_param_launch_test.py [32m.[0m[31m                       [ 66%][0m
[19.709s] test/test_copyright.py [32m.[0m[31m                                                 [ 77%][0m
[19.878s] test/test_flake8.py [32m.[0m[31m                                                    [ 88%][0m
[19.937s] test/test_pep257.py [32m.[0m[31m                                                    [100%][0m
[19.937s] 
[19.937s] =================================== FAILURES ===================================
[19.937s] [31m[1m_________ launch tests: launch_testing_examples.check_msgs_launch_test _________[0m
[19.937s] 
[19.938s] ===================================================================================================================================================================================
[19.938s] FAIL: launch_testing_examples.check_msgs_launch_test.TestFixture.test_check_if_msgs_published
[19.938s] -----------------------------------------------------------------------------------------------------------------------------------------------------------------------------------
[19.938s] Traceback (most recent call last):
[19.938s]   File "/home/etern1ty/ros2_ws/src/src/examples/launch_testing/launch_testing_examples/launch_testing_examples/check_msgs_launch_test.py", line 43, in test_check_if_msgs_published
[19.938s]     with WaitForTopics([('chatter', String)], timeout=5.0):
[19.938s]   File "/opt/ros/humble/lib/python3.10/site-packages/launch_testing_ros/wait_for_topics.py", line 113, in __enter__
[19.938s]     raise RuntimeError('Did not receive messages on these topics: ',
[19.938s] RuntimeError: ('Did not receive messages on these topics: ', {'chatter'})
[19.938s] [33m=============================== warnings summary ===============================[0m
[19.938s] test/test_flake8.py::test_flake8
[19.938s] test/test_flake8.py::test_flake8
[19.938s]   Warning: SelectableGroups dict interface is deprecated. Use select.
[19.938s] 
[19.938s] -- Docs: https://docs.pytest.org/en/stable/warnings.html
[19.938s] ----------------------------- Captured stdout call -----------------------------
[19.938s] [INFO] [launch]: All log files can be found below /home/etern1ty/.ros/log/2024-02-01-00-47-17-194379-Etern1ty-14ALC6-35808
[19.938s] [INFO] [launch]: Default logging verbosity is set to INFO
[19.939s] [INFO] [talker-1]: process started with pid [35826]
[19.939s] [talker-1] [INFO] [1706723238.247392089] [demo_node_1]: Publishing: 'Hello World: 1'
[19.939s] [talker-1] [INFO] [1706723239.247340524] [demo_node_1]: Publishing: 'Hello World: 2'
[19.939s] [talker-1] [INFO] [1706723240.247500115] [demo_node_1]: Publishing: 'Hello World: 3'
[19.939s] [talker-1] [INFO] [1706723241.247573274] [demo_node_1]: Publishing: 'Hello World: 4'
[19.939s] [talker-1] [INFO] [1706723242.247484365] [demo_node_1]: Publishing: 'Hello World: 5'
[19.939s] [INFO] [talker-1]: sending signal 'SIGINT' to process[talker-1]
[19.939s] [talker-1] [INFO] [1706723242.265572713] [rclcpp]: signal_handler(signum=2)
[19.939s] [INFO] [talker-1]: process has finished cleanly [pid 35826]
[19.939s] ----------------------------- Captured stderr call -----------------------------
[19.939s] test_check_if_msgs_published (launch_testing_examples.check_msgs_launch_test.TestFixture) ... ERROR
[19.939s] 
[19.939s] ======================================================================
[19.939s] ERROR: test_check_if_msgs_published (launch_testing_examples.check_msgs_launch_test.TestFixture)
[19.939s] ----------------------------------------------------------------------
[19.939s] Traceback (most recent call last):
[19.939s]   File "/home/etern1ty/ros2_ws/src/src/examples/launch_testing/launch_testing_examples/launch_testing_examples/check_msgs_launch_test.py", line 43, in test_check_if_msgs_published
[19.940s]     with WaitForTopics([('chatter', String)], timeout=5.0):
[19.940s]   File "/opt/ros/humble/lib/python3.10/site-packages/launch_testing_ros/wait_for_topics.py", line 113, in __enter__
[19.940s]     raise RuntimeError('Did not receive messages on these topics: ',
[19.940s] RuntimeError: ('Did not receive messages on these topics: ', {'chatter'})
[19.940s] 
[19.940s] ----------------------------------------------------------------------
[19.940s] Ran 1 test in 5.050s
[19.940s] 
[19.940s] FAILED (errors=1)
[19.940s] 
[19.940s] ----------------------------------------------------------------------
[19.940s] Ran 0 tests in 0.000s
[19.940s] 
[19.940s] OK
[19.940s] - generated xml file: /home/etern1ty/ros2_ws/build/launch_testing_examples/pytest.xml -
[19.940s] =========================== short test summary info ============================
[19.940s] FAILED launch_testing_examples/check_msgs_launch_test.py::launch_testing_examples.check_msgs_launch_test
[19.940s] [31m=================== [31m[1m1 failed[0m, [32m8 passed[0m, [33m2 warnings[0m[31m in 19.06s[0m[31m ===================[0m
[20.156s] Invoked command in '/home/etern1ty/ros2_ws/src/src/examples/launch_testing/launch_testing_examples' returned '1': AMENT_PREFIX_PATH=/home/etern1ty/ros2_ws/install/launch_testing_examples:${AMENT_PREFIX_PATH} PYTEST_ADDOPTS=--tb=short --junit-xml=/home/etern1ty/ros2_ws/build/launch_testing_examples/pytest.xml --junit-prefix=launch_testing_examples -o cache_dir=/home/etern1ty/ros2_ws/build/launch_testing_examples/.pytest_cache PYTHONPATH=/home/etern1ty/ros2_ws/install/launch_testing_examples/lib/python3.10/site-packages:${PYTHONPATH} /usr/bin/python3 -m pytest
