[  9%] Built target flare_detect__rosidl_generator_c
[ 12%] Built target flare_detect__cpp
[ 12%] Built target ament_cmake_python_copy_flare_detect
[ 30%] Built target flare_detect__rosidl_typesupport_c
[ 30%] Built target flare_detect__rosidl_typesupport_fastrtps_c
[ 39%] Built target flare_detect__rosidl_typesupport_introspection_c
[ 48%] Built target flare_detect__rosidl_typesupport_introspection_cpp
[ 57%] Built target flare_detect__rosidl_typesupport_cpp
[ 66%] Built target flare_detect__rosidl_typesupport_fastrtps_cpp
[35m[1mConsolidate compiler generated dependencies of target detection[0m
[ 66%] Built target flare_detect
[ 69%] [32mBuilding CXX object CMakeFiles/detection.dir/src/detection.cpp.o[0m
[ 72%] Built target flare_detect__py
[ 78%] Built target flare_detect__rosidl_generator_py
[ 96%] Built target flare_detect__rosidl_typesupport_introspection_c__pyext
[ 96%] Built target flare_detect__rosidl_typesupport_fastrtps_c__pyext
[ 96%] Built target flare_detect__rosidl_typesupport_c__pyext
running egg_info
writing flare_detect.egg-info/PKG-INFO
writing dependency_links to flare_detect.egg-info/dependency_links.txt
writing top-level names to flare_detect.egg-info/top_level.txt
reading manifest file 'flare_detect.egg-info/SOURCES.txt'
writing manifest file 'flare_detect.egg-info/SOURCES.txt'
[ 96%] Built target ament_cmake_python_build_flare_detect_egg
[01m[K/home/etern1ty/ros2_ws/src/flare_detect/src/detection.cpp:[m[K In member function â€˜[01m[Kvoid Detection::topic_callback()[m[Kâ€™:
[01m[K/home/etern1ty/ros2_ws/src/flare_detect/src/detection.cpp:89:5:[m[K [01;31m[Kerror: [m[Kâ€˜[01m[Kmessage[m[Kâ€™ was not declared in this scope
   89 |     [01;31m[Kmessage[m[K.red = countNonZero(red) > 0;
      |     [01;31m[K^~~~~~~[m[K
gmake[2]: *** [CMakeFiles/detection.dir/build.make:76: CMakeFiles/detection.dir/src/detection.cpp.o] Error 1
gmake[1]: *** [CMakeFiles/Makefile2:593: CMakeFiles/detection.dir/all] Error 2
gmake: *** [Makefile:146: all] Error 2
