[01m[K/home/etern1ty/ros2_ws/src/pub_controller/src/pub_func.cpp:23:10:[m[K [01;31m[Kfatal error: [m[Kobj_msg/msg/motion.hpp: No such file or directory
   23 | #include [01;31m[K"obj_msg/msg/motion.hpp"[m[K
      |          [01;31m[K^~~~~~~~~~~~~~~~~~~~~~~~[m[K
compilation terminated.
gmake[2]: *** [CMakeFiles/controller.dir/build.make:76: CMakeFiles/controller.dir/src/pub_func.cpp.o] Error 1
gmake[1]: *** [CMakeFiles/Makefile2:137: CMakeFiles/controller.dir/all] Error 2
gmake: *** [Makefile:146: all] Error 2
