[0.055s] Invoking command in '/home/etern1ty/ros2_ws/build/flare_detect': CMAKE_PREFIX_PATH=/opt/ros/humble /usr/bin/cmake --build /home/etern1ty/ros2_ws/build/flare_detect -- -j12 -l12
[0.140s] [  6%] Built target flare_detect__cpp
[0.140s] [  6%] [32mBuilding CXX object CMakeFiles/detection.dir/src/detection.cpp.o[0m
[0.142s] [ 15%] Built target flare_detect__rosidl_generator_c
[0.154s] [ 15%] Built target ament_cmake_python_copy_flare_detect
[0.169s] [ 24%] Built target flare_detect__rosidl_typesupport_introspection_c
[0.171s] [ 33%] Built target flare_detect__rosidl_typesupport_fastrtps_cpp
[0.172s] [ 42%] Built target flare_detect__rosidl_typesupport_introspection_cpp
[0.175s] [ 60%] Built target flare_detect__rosidl_typesupport_cpp
[0.175s] [ 60%] Built target flare_detect__rosidl_typesupport_fastrtps_c
[0.175s] [ 69%] Built target flare_detect__rosidl_typesupport_c
[0.199s] [ 69%] Built target flare_detect
[0.225s] [ 72%] Built target flare_detect__py
[0.251s] [ 78%] Built target flare_detect__rosidl_generator_py
[0.278s] [ 90%] Built target flare_detect__rosidl_typesupport_c__pyext
[0.278s] [ 90%] Built target flare_detect__rosidl_typesupport_introspection_c__pyext
[0.278s] [ 96%] Built target flare_detect__rosidl_typesupport_fastrtps_c__pyext
[0.401s] running egg_info
[0.401s] writing flare_detect.egg-info/PKG-INFO
[0.402s] writing dependency_links to flare_detect.egg-info/dependency_links.txt
[0.402s] writing top-level names to flare_detect.egg-info/top_level.txt
[0.405s] reading manifest file 'flare_detect.egg-info/SOURCES.txt'
[0.405s] writing manifest file 'flare_detect.egg-info/SOURCES.txt'
[0.442s] [ 96%] Built target ament_cmake_python_build_flare_detect_egg
[0.523s] [01m[K/home/etern1ty/ros2_ws/src/flare_detect/src/detection.cpp:22:10:[m[K [01;31m[Kfatal error: [m[Kflare_detect/msg/detected.hpp: No such file or directory
[0.524s]    22 | #include [01;31m[K"flare_detect/msg/detected.hpp"[m[K
[0.524s]       |          [01;31m[K^~~~~~~~~~~~~~~~~~~~~~~~~~~~~~~[m[K
[0.524s] compilation terminated.
[0.529s] gmake[2]: *** [CMakeFiles/detection.dir/build.make:76: CMakeFiles/detection.dir/src/detection.cpp.o] Error 1
[0.529s] gmake[1]: *** [CMakeFiles/Makefile2:592: CMakeFiles/detection.dir/all] Error 2
[0.530s] gmake: *** [Makefile:146: all] Error 2
[0.533s] Invoked command in '/home/etern1ty/ros2_ws/build/flare_detect' returned '2': CMAKE_PREFIX_PATH=/opt/ros/humble /usr/bin/cmake --build /home/etern1ty/ros2_ws/build/flare_detect -- -j12 -l12
