[01m[K/home/etern1ty/ros2_ws/src/yolo/src/yolo_func.cpp:[m[K In constructor â€˜[01m[KYoloPublisher::YoloPublisher()[m[Kâ€™:
[01m[K/home/etern1ty/ros2_ws/src/yolo/src/yolo_func.cpp:36:9:[m[K [01;31m[Kerror: [m[Kâ€˜[01m[KpublisherImage_[m[Kâ€™ was not declared in this scope; did you mean â€˜[01m[KpublishImage[m[Kâ€™?
   36 |         [01;31m[KpublisherImage_[m[K = this->create_publisher<sensor_msgs::msg::Image>("webcam_image", 10);
      |         [01;31m[K^~~~~~~~~~~~~~~[m[K
      |         [32m[KpublishImage[m[K
[01m[K/home/etern1ty/ros2_ws/src/yolo/src/yolo_func.cpp:[m[K In member function â€˜[01m[Kvoid YoloPublisher::publish_image()[m[Kâ€™:
[01m[K/home/etern1ty/ros2_ws/src/yolo/src/yolo_func.cpp:48:33:[m[K [01;31m[Kerror: [m[Kâ€˜[01m[KpublisherImage_[m[Kâ€™ was not declared in this scope; did you mean â€˜[01m[KpublishImage[m[Kâ€™?
   48 |             publishImage(image, [01;31m[KpublisherImage_[m[K);
      |                                 [01;31m[K^~~~~~~~~~~~~~~[m[K
      |                                 [32m[KpublishImage[m[K
gmake[2]: *** [CMakeFiles/yolo_func.dir/build.make:76: CMakeFiles/yolo_func.dir/src/yolo_func.cpp.o] Error 1
gmake[1]: *** [CMakeFiles/Makefile2:137: CMakeFiles/yolo_func.dir/all] Error 2
gmake: *** [Makefile:146: all] Error 2
