[0.057s] Invoking command in '/home/etern1ty/ros2_ws/build/flare_detect': CMAKE_PREFIX_PATH=/opt/ros/humble /usr/bin/cmake --build /home/etern1ty/ros2_ws/build/flare_detect -- -j12 -l12
[0.113s] [  9%] Built target flare_detect__cpp
[0.113s] [  9%] [32mBuilding CXX object CMakeFiles/detection.dir/src/detection.cpp.o[0m
[0.113s] [ 15%] Built target flare_detect__rosidl_generator_c
[0.126s] [ 15%] Built target ament_cmake_python_copy_flare_detect
[0.140s] [ 33%] Built target flare_detect__rosidl_typesupport_c
[0.140s] [ 33%] Built target flare_detect__rosidl_typesupport_cpp
[0.140s] [ 42%] Built target flare_detect__rosidl_typesupport_fastrtps_cpp
[0.144s] [ 57%] Built target flare_detect__rosidl_typesupport_introspection_c
[0.145s] [ 60%] Built target flare_detect__rosidl_typesupport_introspection_cpp
[0.155s] [ 69%] Built target flare_detect__rosidl_typesupport_fastrtps_c
[0.179s] [ 69%] Built target flare_detect
[0.204s] [ 72%] Built target flare_detect__py
[0.231s] [ 78%] Built target flare_detect__rosidl_generator_py
[0.256s] [ 90%] Built target flare_detect__rosidl_typesupport_introspection_c__pyext
[0.256s] [ 90%] Built target flare_detect__rosidl_typesupport_fastrtps_c__pyext
[0.258s] [ 96%] Built target flare_detect__rosidl_typesupport_c__pyext
[0.366s] [01m[K/home/etern1ty/ros2_ws/src/flare_detect/src/detection.cpp:22:10:[m[K [01;31m[Kfatal error: [m[Kflare_detect/msg/detected.hpp: No such file or directory
[0.366s]    22 | #include [01;31m[K"flare_detect/msg/detected.hpp"[m[K
[0.366s]       |          [01;31m[K^~~~~~~~~~~~~~~~~~~~~~~~~~~~~~~[m[K
[0.366s] compilation terminated.
[0.369s] running egg_info
[0.370s] writing flare_detect.egg-info/PKG-INFO
[0.370s] writing dependency_links to flare_detect.egg-info/dependency_links.txt
[0.370s] writing top-level names to flare_detect.egg-info/top_level.txt
[0.370s] gmake[2]: *** [CMakeFiles/detection.dir/build.make:76: CMakeFiles/detection.dir/src/detection.cpp.o] Error 1
[0.371s] gmake[1]: *** [CMakeFiles/Makefile2:592: CMakeFiles/detection.dir/all] Error 2
[0.371s] gmake[1]: *** Waiting for unfinished jobs....
[0.372s] reading manifest file 'flare_detect.egg-info/SOURCES.txt'
[0.373s] writing manifest file 'flare_detect.egg-info/SOURCES.txt'
[0.405s] [ 96%] Built target ament_cmake_python_build_flare_detect_egg
[0.407s] gmake: *** [Makefile:146: all] Error 2
[0.410s] Invoked command in '/home/etern1ty/ros2_ws/build/flare_detect' returned '2': CMAKE_PREFIX_PATH=/opt/ros/humble /usr/bin/cmake --build /home/etern1ty/ros2_ws/build/flare_detect -- -j12 -l12
