-- Found ament_cmake: 1.3.7 (/opt/ros/humble/share/ament_cmake/cmake)
-- Found rclcpp: 16.0.8 (/opt/ros/humble/share/rclcpp/cmake)
-- Found rosidl_generator_c: 3.1.5 (/opt/ros/humble/share/rosidl_generator_c/cmake)
-- Found rosidl_adapter: 3.1.5 (/opt/ros/humble/share/rosidl_adapter/cmake)
-- Found rosidl_generator_cpp: 3.1.5 (/opt/ros/humble/share/rosidl_generator_cpp/cmake)
-- Using all available rosidl_typesupport_c: rosidl_typesupport_fastrtps_c;rosidl_typesupport_introspection_c
-- Using all available rosidl_typesupport_cpp: rosidl_typesupport_fastrtps_cpp;rosidl_typesupport_introspection_cpp
-- Found rmw_implementation_cmake: 6.1.1 (/opt/ros/humble/share/rmw_implementation_cmake/cmake)
-- Found rmw_fastrtps_cpp: 6.2.6 (/opt/ros/humble/share/rmw_fastrtps_cpp/cmake)
-- Using RMW implementation 'rmw_fastrtps_cpp' as default
-- Found sensor_msgs: 4.2.3 (/opt/ros/humble/share/sensor_msgs/cmake)
-- Found rosidl_default_generators: 1.2.0 (/opt/ros/humble/share/rosidl_default_generators/cmake)
-- Found ament_cmake_ros: 0.10.0 (/opt/ros/humble/share/ament_cmake_ros/cmake)
-- Using all available rosidl_typesupport_c: rosidl_typesupport_fastrtps_c;rosidl_typesupport_introspection_c
-- Using all available rosidl_typesupport_cpp: rosidl_typesupport_fastrtps_cpp;rosidl_typesupport_introspection_cpp
-- Found python_cmake_module: 0.10.0 (/opt/ros/humble/share/python_cmake_module/cmake)
-- Using PYTHON_EXECUTABLE: /usr/bin/python3
-- Using PYTHON_INCLUDE_DIRS: /usr/include/python3.10
-- Using PYTHON_LIBRARIES: /usr/lib/x86_64-linux-gnu/libpython3.10.so
-- Found ament_lint_auto: 0.12.10 (/opt/ros/humble/share/ament_lint_auto/cmake)
-- Added test 'cppcheck' to perform static code analysis on C / C++ code
-- Configured cppcheck include dirs: 
-- Configured cppcheck exclude dirs and/or files: 
-- Added test 'lint_cmake' to check CMake code style
-- Added test 'uncrustify' to check C / C++ code style
-- Configured uncrustify additional arguments: 
-- Added test 'xmllint' to check XML markup files
-- Configuring done
-- Generating done
-- Build files have been written to: /home/etern1ty/ros2_ws/build/pub_controller
[  3%] [34m[1mGenerating C code for ROS interfaces[0m
[  6%] [34m[1mGenerating C++ code for ROS interfaces[0m
[  6%] Built target ament_cmake_python_copy_pub_controller
[  6%] Built target pub_controller__cpp
[ 12%] [34m[1mGenerating C++ type support for eProsima Fast-RTPS[0m
[ 12%] [34m[1mGenerating C++ introspection for ROS interfaces[0m
[ 15%] [34m[1mGenerating C++ type support dispatch for ROS interfaces[0m
[ 18%] [32mBuilding C object CMakeFiles/pub_controller__rosidl_generator_c.dir/rosidl_generator_c/pub_controller/msg/detail/motion__functions.c.o[0m
running egg_info
creating pub_controller.egg-info
writing pub_controller.egg-info/PKG-INFO
writing dependency_links to pub_controller.egg-info/dependency_links.txt
writing top-level names to pub_controller.egg-info/top_level.txt
writing manifest file 'pub_controller.egg-info/SOURCES.txt'
reading manifest file 'pub_controller.egg-info/SOURCES.txt'
writing manifest file 'pub_controller.egg-info/SOURCES.txt'
[ 18%] Built target ament_cmake_python_build_pub_controller_egg
[ 21%] [32m[1mLinking C shared library libpub_controller__rosidl_generator_c.so[0m
[ 21%] Built target pub_controller__rosidl_generator_c
[ 30%] [34m[1mGenerating C type support for eProsima Fast-RTPS[0m
[ 30%] [34m[1mGenerating C introspection for ROS interfaces[0m
[ 30%] [34m[1mGenerating C type support dispatch for ROS interfaces[0m
[ 33%] [32mBuilding CXX object CMakeFiles/pub_controller__rosidl_typesupport_cpp.dir/rosidl_typesupport_cpp/pub_controller/msg/motion__type_support.cpp.o[0m
[ 36%] [32mBuilding CXX object CMakeFiles/pub_controller__rosidl_typesupport_introspection_cpp.dir/rosidl_typesupport_introspection_cpp/pub_controller/msg/detail/motion__type_support.cpp.o[0m
[ 39%] [32mBuilding CXX object CMakeFiles/pub_controller__rosidl_typesupport_fastrtps_cpp.dir/rosidl_typesupport_fastrtps_cpp/pub_controller/msg/detail/dds_fastrtps/motion__type_support.cpp.o[0m
[ 42%] [32mBuilding C object CMakeFiles/pub_controller__rosidl_typesupport_introspection_c.dir/rosidl_typesupport_introspection_c/pub_controller/msg/detail/motion__type_support.c.o[0m
[ 45%] [32m[1mLinking C shared library libpub_controller__rosidl_typesupport_introspection_c.so[0m
[ 48%] [32mBuilding CXX object CMakeFiles/pub_controller__rosidl_typesupport_c.dir/rosidl_typesupport_c/pub_controller/msg/motion__type_support.cpp.o[0m
[ 48%] Built target pub_controller__rosidl_typesupport_introspection_c
[ 51%] [32m[1mLinking CXX shared library libpub_controller__rosidl_typesupport_cpp.so[0m
[ 54%] [32mBuilding CXX object CMakeFiles/pub_controller__rosidl_typesupport_fastrtps_c.dir/rosidl_typesupport_fastrtps_c/pub_controller/msg/detail/motion__type_support_c.cpp.o[0m
[ 57%] [32m[1mLinking CXX shared library libpub_controller__rosidl_typesupport_c.so[0m
[ 57%] Built target pub_controller__rosidl_typesupport_cpp
[ 57%] Built target pub_controller__rosidl_typesupport_c
[35m[1mConsolidate compiler generated dependencies of target controller[0m
[ 60%] [32m[1mLinking CXX shared library libpub_controller__rosidl_typesupport_introspection_cpp.so[0m
[ 63%] [32mBuilding CXX object CMakeFiles/controller.dir/src/pub_func.cpp.o[0m
[ 66%] [32m[1mLinking CXX shared library libpub_controller__rosidl_typesupport_fastrtps_cpp.so[0m
[ 66%] Built target pub_controller__rosidl_typesupport_introspection_cpp
[ 66%] Built target pub_controller__rosidl_typesupport_fastrtps_cpp
[ 69%] [32m[1mLinking CXX shared library libpub_controller__rosidl_typesupport_fastrtps_c.so[0m
[ 69%] Built target pub_controller__rosidl_typesupport_fastrtps_c
[ 69%] Built target pub_controller
[ 72%] [34m[1mGenerating Python code for ROS interfaces[0m
[ 72%] Built target pub_controller__py
[ 75%] [32mBuilding C object CMakeFiles/pub_controller__rosidl_generator_py.dir/rosidl_generator_py/pub_controller/msg/_motion_s.c.o[0m
[ 78%] [32m[1mLinking C shared library rosidl_generator_py/pub_controller/libpub_controller__rosidl_generator_py.so[0m
[ 78%] Built target pub_controller__rosidl_generator_py
[ 84%] [32mBuilding C object CMakeFiles/pub_controller__rosidl_typesupport_fastrtps_c__pyext.dir/rosidl_generator_py/pub_controller/_pub_controller_s.ep.rosidl_typesupport_fastrtps_c.c.o[0m
[ 84%] [32mBuilding C object CMakeFiles/pub_controller__rosidl_typesupport_introspection_c__pyext.dir/rosidl_generator_py/pub_controller/_pub_controller_s.ep.rosidl_typesupport_introspection_c.c.o[0m
[ 87%] [32mBuilding C object CMakeFiles/pub_controller__rosidl_typesupport_c__pyext.dir/rosidl_generator_py/pub_controller/_pub_controller_s.ep.rosidl_typesupport_c.c.o[0m
[ 90%] [32m[1mLinking C shared library rosidl_generator_py/pub_controller/pub_controller_s__rosidl_typesupport_c.cpython-310-x86_64-linux-gnu.so[0m
[ 93%] [32m[1mLinking C shared library rosidl_generator_py/pub_controller/pub_controller_s__rosidl_typesupport_introspection_c.cpython-310-x86_64-linux-gnu.so[0m
[ 96%] [32m[1mLinking C shared library rosidl_generator_py/pub_controller/pub_controller_s__rosidl_typesupport_fastrtps_c.cpython-310-x86_64-linux-gnu.so[0m
[ 96%] Built target pub_controller__rosidl_typesupport_c__pyext
[ 96%] Built target pub_controller__rosidl_typesupport_introspection_c__pyext
[ 96%] Built target pub_controller__rosidl_typesupport_fastrtps_c__pyext
[01m[K/home/etern1ty/ros2_ws/src/pub_controller/src/pub_func.cpp:[m[K In constructor â€˜[01m[KController::Controller()[m[Kâ€™:
[01m[K/home/etern1ty/ros2_ws/src/pub_controller/src/pub_func.cpp:67:25:[m[K [01;31m[Kerror: [m[Kâ€˜[01m[Kclass Controller[m[Kâ€™ has no member named â€˜[01m[Kcreate_subscribe[m[Kâ€™; did you mean â€˜[01m[Kcreate_subscription[m[Kâ€™?
   67 |     subscriber_ = this->[01;31m[Kcreate_subscribe[m[K<sensor_msgs::msg::Joy>(
      |                         [01;31m[K^~~~~~~~~~~~~~~~[m[K
      |                         [32m[Kcreate_subscription[m[K
[01m[K/home/etern1ty/ros2_ws/src/pub_controller/src/pub_func.cpp:67:63:[m[K [01;31m[Kerror: [m[Kexpected primary-expression before â€˜[01m[K>[m[Kâ€™ token
   67 |     subscriber_ = this->create_subscribe<sensor_msgs::msg::Joy[01;31m[K>[m[K(
      |                                                               [01;31m[K^[m[K
[01m[K/home/etern1ty/ros2_ws/src/pub_controller/src/pub_func.cpp:68:9:[m[K [01;35m[Kwarning: [m[Kleft operand of comma operator has no effect [[01;35m[K]8;;https://gcc.gnu.org/onlinedocs/gcc/Warning-Options.html#index-Wunused-value-Wunused-value]8;;[m[K]
   68 |         [01;35m[K"joy"[m[K, 10, std::bind(&Controller::topic_callback, this, _1);
      |         [01;35m[K^~~~~[m[K
[01m[K/home/etern1ty/ros2_ws/src/pub_controller/src/pub_func.cpp:68:67:[m[K [01;35m[Kwarning: [m[Kright operand of comma operator has no effect [[01;35m[K]8;;https://gcc.gnu.org/onlinedocs/gcc/Warning-Options.html#index-Wunused-value-Wunused-value]8;;[m[K]
   68 |         "joy", 10, std::bind(&Controller::topic_callback, this, _1[01;35m[K)[m[K;
      |                                                                   [01;35m[K^[m[K
[01m[K/home/etern1ty/ros2_ws/src/pub_controller/src/pub_func.cpp:68:68:[m[K [01;31m[Kerror: [m[Kexpected â€˜[01m[K)[m[Kâ€™ before â€˜[01m[K;[m[Kâ€™ token
   68 |         "joy", 10, std::bind(&Controller::topic_callback, this, _1)[01;31m[K;[m[K
      |                                                                    [01;31m[K^[m[K
[01m[K/home/etern1ty/ros2_ws/src/pub_controller/src/pub_func.cpp:67:64:[m[K [01;36m[Knote: [m[Kto match this â€˜[01m[K([m[Kâ€™
   67 |     subscriber_ = this->create_subscribe<sensor_msgs::msg::Joy>[01;36m[K([m[K
      |                                                                [01;36m[K^[m[K
[01m[K/home/etern1ty/ros2_ws/src/pub_controller/src/pub_func.cpp:69:5:[m[K [01;31m[Kerror: [m[Kexpected primary-expression before â€˜[01m[K)[m[Kâ€™ token
   69 |     [01;31m[K)[m[K
      |     [01;31m[K^[m[K
[01m[K/home/etern1ty/ros2_ws/src/pub_controller/src/pub_func.cpp:[m[K In member function â€˜[01m[Kvoid Controller::topic_callback(const Joy&)[m[Kâ€™:
[01m[K/home/etern1ty/ros2_ws/src/pub_controller/src/pub_func.cpp:75:51:[m[K [01;31m[Kerror: [m[Kexpected primary-expression before â€˜[01m[K;[m[Kâ€™ token
   75 |     auto motion_data = pub_controller::msg::Motion[01;31m[K;[m[K
      |                                                   [01;31m[K^[m[K
gmake[2]: *** [CMakeFiles/controller.dir/build.make:76: CMakeFiles/controller.dir/src/pub_func.cpp.o] Error 1
gmake[1]: *** [CMakeFiles/Makefile2:593: CMakeFiles/controller.dir/all] Error 2
gmake: *** [Makefile:146: all] Error 2
