[0.052s] Invoking command in '/home/etern1ty/ros2_ws/build/pub_controller': CMAKE_PREFIX_PATH=/opt/ros/humble /usr/bin/cmake --build /home/etern1ty/ros2_ws/build/pub_controller -- -j12 -l12
[0.077s] -- Found ament_cmake: 1.3.7 (/opt/ros/humble/share/ament_cmake/cmake)
[0.205s] -- Found rclcpp: 16.0.8 (/opt/ros/humble/share/rclcpp/cmake)
[0.231s] -- Found rosidl_generator_c: 3.1.5 (/opt/ros/humble/share/rosidl_generator_c/cmake)
[0.232s] -- Found rosidl_adapter: 3.1.5 (/opt/ros/humble/share/rosidl_adapter/cmake)
[0.238s] -- Found rosidl_generator_cpp: 3.1.5 (/opt/ros/humble/share/rosidl_generator_cpp/cmake)
[0.248s] -- Using all available rosidl_typesupport_c: rosidl_typesupport_fastrtps_c;rosidl_typesupport_introspection_c
[0.261s] -- Using all available rosidl_typesupport_cpp: rosidl_typesupport_fastrtps_cpp;rosidl_typesupport_introspection_cpp
[0.313s] -- Found rmw_implementation_cmake: 6.1.1 (/opt/ros/humble/share/rmw_implementation_cmake/cmake)
[0.314s] -- Found rmw_fastrtps_cpp: 6.2.6 (/opt/ros/humble/share/rmw_fastrtps_cpp/cmake)
[0.435s] -- Using RMW implementation 'rmw_fastrtps_cpp' as default
[0.577s] -- Found sensor_msgs: 4.2.3 (/opt/ros/humble/share/sensor_msgs/cmake)
[0.689s] -- Found rosidl_default_generators: 1.2.0 (/opt/ros/humble/share/rosidl_default_generators/cmake)
[0.911s] -- Found ament_cmake_ros: 0.10.0 (/opt/ros/humble/share/ament_cmake_ros/cmake)
[1.179s] -- Using all available rosidl_typesupport_c: rosidl_typesupport_fastrtps_c;rosidl_typesupport_introspection_c
[1.286s] -- Using all available rosidl_typesupport_cpp: rosidl_typesupport_fastrtps_cpp;rosidl_typesupport_introspection_cpp
[1.307s] -- Found python_cmake_module: 0.10.0 (/opt/ros/humble/share/python_cmake_module/cmake)
[1.328s] -- Using PYTHON_EXECUTABLE: /usr/bin/python3
[1.328s] -- Using PYTHON_INCLUDE_DIRS: /usr/include/python3.10
[1.328s] -- Using PYTHON_LIBRARIES: /usr/lib/x86_64-linux-gnu/libpython3.10.so
[1.338s] -- Found ament_lint_auto: 0.12.10 (/opt/ros/humble/share/ament_lint_auto/cmake)
[1.355s] -- Added test 'cppcheck' to perform static code analysis on C / C++ code
[1.355s] -- Configured cppcheck include dirs: 
[1.355s] -- Configured cppcheck exclude dirs and/or files: 
[1.356s] -- Added test 'lint_cmake' to check CMake code style
[1.358s] -- Added test 'uncrustify' to check C / C++ code style
[1.358s] -- Configured uncrustify additional arguments: 
[1.358s] -- Added test 'xmllint' to check XML markup files
[1.361s] -- Configuring done
[1.398s] -- Generating done
[1.401s] -- Build files have been written to: /home/etern1ty/ros2_ws/build/pub_controller
[1.432s] [  3%] [34m[1mGenerating C code for ROS interfaces[0m
[1.443s] [  6%] [34m[1mGenerating C++ code for ROS interfaces[0m
[1.452s] [  6%] Built target ament_cmake_python_copy_pub_controller
[1.655s] [  6%] Built target pub_controller__cpp
[1.666s] [ 12%] [34m[1mGenerating C++ type support for eProsima Fast-RTPS[0m
[1.666s] [ 12%] [34m[1mGenerating C++ introspection for ROS interfaces[0m
[1.667s] [ 15%] [34m[1mGenerating C++ type support dispatch for ROS interfaces[0m
[1.699s] [ 18%] [32mBuilding C object CMakeFiles/pub_controller__rosidl_generator_c.dir/rosidl_generator_c/pub_controller/msg/detail/motion__functions.c.o[0m
[1.707s] running egg_info
[1.708s] creating pub_controller.egg-info
[1.708s] writing pub_controller.egg-info/PKG-INFO
[1.709s] writing dependency_links to pub_controller.egg-info/dependency_links.txt
[1.709s] writing top-level names to pub_controller.egg-info/top_level.txt
[1.709s] writing manifest file 'pub_controller.egg-info/SOURCES.txt'
[1.714s] reading manifest file 'pub_controller.egg-info/SOURCES.txt'
[1.714s] writing manifest file 'pub_controller.egg-info/SOURCES.txt'
[1.762s] [ 18%] Built target ament_cmake_python_build_pub_controller_egg
[1.796s] [ 21%] [32m[1mLinking C shared library libpub_controller__rosidl_generator_c.so[0m
[1.849s] [ 21%] Built target pub_controller__rosidl_generator_c
[1.863s] [ 30%] [34m[1mGenerating C type support for eProsima Fast-RTPS[0m
[1.864s] [ 30%] [34m[1mGenerating C introspection for ROS interfaces[0m
[1.864s] [ 30%] [34m[1mGenerating C type support dispatch for ROS interfaces[0m
[1.900s] [ 33%] [32mBuilding CXX object CMakeFiles/pub_controller__rosidl_typesupport_cpp.dir/rosidl_typesupport_cpp/pub_controller/msg/motion__type_support.cpp.o[0m
[1.952s] [ 36%] [32mBuilding CXX object CMakeFiles/pub_controller__rosidl_typesupport_introspection_cpp.dir/rosidl_typesupport_introspection_cpp/pub_controller/msg/detail/motion__type_support.cpp.o[0m
[1.952s] [ 39%] [32mBuilding CXX object CMakeFiles/pub_controller__rosidl_typesupport_fastrtps_cpp.dir/rosidl_typesupport_fastrtps_cpp/pub_controller/msg/detail/dds_fastrtps/motion__type_support.cpp.o[0m
[2.133s] [ 42%] [32mBuilding C object CMakeFiles/pub_controller__rosidl_typesupport_introspection_c.dir/rosidl_typesupport_introspection_c/pub_controller/msg/detail/motion__type_support.c.o[0m
[2.175s] [ 45%] [32m[1mLinking C shared library libpub_controller__rosidl_typesupport_introspection_c.so[0m
[2.213s] [ 48%] [32mBuilding CXX object CMakeFiles/pub_controller__rosidl_typesupport_c.dir/rosidl_typesupport_c/pub_controller/msg/motion__type_support.cpp.o[0m
[2.218s] [ 48%] Built target pub_controller__rosidl_typesupport_introspection_c
[2.236s] [ 51%] [32m[1mLinking CXX shared library libpub_controller__rosidl_typesupport_cpp.so[0m
[2.243s] [ 54%] [32mBuilding CXX object CMakeFiles/pub_controller__rosidl_typesupport_fastrtps_c.dir/rosidl_typesupport_fastrtps_c/pub_controller/msg/detail/motion__type_support_c.cpp.o[0m
[2.253s] [ 57%] [32m[1mLinking CXX shared library libpub_controller__rosidl_typesupport_c.so[0m
[2.288s] [ 57%] Built target pub_controller__rosidl_typesupport_cpp
[2.301s] [ 57%] Built target pub_controller__rosidl_typesupport_c
[2.305s] [35m[1mConsolidate compiler generated dependencies of target controller[0m
[2.338s] [ 60%] [32m[1mLinking CXX shared library libpub_controller__rosidl_typesupport_introspection_cpp.so[0m
[2.342s] [ 63%] [32mBuilding CXX object CMakeFiles/controller.dir/src/pub_func.cpp.o[0m
[2.358s] [ 66%] [32m[1mLinking CXX shared library libpub_controller__rosidl_typesupport_fastrtps_cpp.so[0m
[2.385s] [ 66%] Built target pub_controller__rosidl_typesupport_introspection_cpp
[2.467s] [ 66%] Built target pub_controller__rosidl_typesupport_fastrtps_cpp
[2.545s] [ 69%] [32m[1mLinking CXX shared library libpub_controller__rosidl_typesupport_fastrtps_c.so[0m
[2.649s] [ 69%] Built target pub_controller__rosidl_typesupport_fastrtps_c
[2.670s] [ 69%] Built target pub_controller
[2.693s] [ 72%] [34m[1mGenerating Python code for ROS interfaces[0m
[2.974s] [ 72%] Built target pub_controller__py
[2.998s] [ 75%] [32mBuilding C object CMakeFiles/pub_controller__rosidl_generator_py.dir/rosidl_generator_py/pub_controller/msg/_motion_s.c.o[0m
[3.110s] [ 78%] [32m[1mLinking C shared library rosidl_generator_py/pub_controller/libpub_controller__rosidl_generator_py.so[0m
[3.155s] [ 78%] Built target pub_controller__rosidl_generator_py
[3.178s] [ 84%] [32mBuilding C object CMakeFiles/pub_controller__rosidl_typesupport_fastrtps_c__pyext.dir/rosidl_generator_py/pub_controller/_pub_controller_s.ep.rosidl_typesupport_fastrtps_c.c.o[0m
[3.179s] [ 84%] [32mBuilding C object CMakeFiles/pub_controller__rosidl_typesupport_introspection_c__pyext.dir/rosidl_generator_py/pub_controller/_pub_controller_s.ep.rosidl_typesupport_introspection_c.c.o[0m
[3.184s] [ 87%] [32mBuilding C object CMakeFiles/pub_controller__rosidl_typesupport_c__pyext.dir/rosidl_generator_py/pub_controller/_pub_controller_s.ep.rosidl_typesupport_c.c.o[0m
[3.275s] [ 90%] [32m[1mLinking C shared library rosidl_generator_py/pub_controller/pub_controller_s__rosidl_typesupport_c.cpython-310-x86_64-linux-gnu.so[0m
[3.277s] [ 93%] [32m[1mLinking C shared library rosidl_generator_py/pub_controller/pub_controller_s__rosidl_typesupport_introspection_c.cpython-310-x86_64-linux-gnu.so[0m
[3.279s] [ 96%] [32m[1mLinking C shared library rosidl_generator_py/pub_controller/pub_controller_s__rosidl_typesupport_fastrtps_c.cpython-310-x86_64-linux-gnu.so[0m
[3.314s] [ 96%] Built target pub_controller__rosidl_typesupport_c__pyext
[3.316s] [ 96%] Built target pub_controller__rosidl_typesupport_introspection_c__pyext
[3.318s] [ 96%] Built target pub_controller__rosidl_typesupport_fastrtps_c__pyext
[4.519s] [01m[K/home/etern1ty/ros2_ws/src/pub_controller/src/pub_func.cpp:[m[K In constructor â€˜[01m[KController::Controller()[m[Kâ€™:
[4.519s] [01m[K/home/etern1ty/ros2_ws/src/pub_controller/src/pub_func.cpp:67:25:[m[K [01;31m[Kerror: [m[Kâ€˜[01m[Kclass Controller[m[Kâ€™ has no member named â€˜[01m[Kcreate_subscribe[m[Kâ€™; did you mean â€˜[01m[Kcreate_subscription[m[Kâ€™?
[4.519s]    67 |     subscriber_ = this->[01;31m[Kcreate_subscribe[m[K<sensor_msgs::msg::Joy>(
[4.519s]       |                         [01;31m[K^~~~~~~~~~~~~~~~[m[K
[4.519s]       |                         [32m[Kcreate_subscription[m[K
[4.519s] [01m[K/home/etern1ty/ros2_ws/src/pub_controller/src/pub_func.cpp:67:63:[m[K [01;31m[Kerror: [m[Kexpected primary-expression before â€˜[01m[K>[m[Kâ€™ token
[4.519s]    67 |     subscriber_ = this->create_subscribe<sensor_msgs::msg::Joy[01;31m[K>[m[K(
[4.519s]       |                                                               [01;31m[K^[m[K
[4.519s] [01m[K/home/etern1ty/ros2_ws/src/pub_controller/src/pub_func.cpp:68:9:[m[K [01;35m[Kwarning: [m[Kleft operand of comma operator has no effect [[01;35m[K]8;;https://gcc.gnu.org/onlinedocs/gcc/Warning-Options.html#index-Wunused-value-Wunused-value]8;;[m[K]
[4.519s]    68 |         [01;35m[K"joy"[m[K, 10, std::bind(&Controller::topic_callback, this, _1);
[4.519s]       |         [01;35m[K^~~~~[m[K
[4.522s] [01m[K/home/etern1ty/ros2_ws/src/pub_controller/src/pub_func.cpp:68:67:[m[K [01;35m[Kwarning: [m[Kright operand of comma operator has no effect [[01;35m[K]8;;https://gcc.gnu.org/onlinedocs/gcc/Warning-Options.html#index-Wunused-value-Wunused-value]8;;[m[K]
[4.523s]    68 |         "joy", 10, std::bind(&Controller::topic_callback, this, _1[01;35m[K)[m[K;
[4.523s]       |                                                                   [01;35m[K^[m[K
[4.523s] [01m[K/home/etern1ty/ros2_ws/src/pub_controller/src/pub_func.cpp:68:68:[m[K [01;31m[Kerror: [m[Kexpected â€˜[01m[K)[m[Kâ€™ before â€˜[01m[K;[m[Kâ€™ token
[4.523s]    68 |         "joy", 10, std::bind(&Controller::topic_callback, this, _1)[01;31m[K;[m[K
[4.523s]       |                                                                    [01;31m[K^[m[K
[4.523s] [01m[K/home/etern1ty/ros2_ws/src/pub_controller/src/pub_func.cpp:67:64:[m[K [01;36m[Knote: [m[Kto match this â€˜[01m[K([m[Kâ€™
[4.523s]    67 |     subscriber_ = this->create_subscribe<sensor_msgs::msg::Joy>[01;36m[K([m[K
[4.523s]       |                                                                [01;36m[K^[m[K
[4.523s] [01m[K/home/etern1ty/ros2_ws/src/pub_controller/src/pub_func.cpp:69:5:[m[K [01;31m[Kerror: [m[Kexpected primary-expression before â€˜[01m[K)[m[Kâ€™ token
[4.523s]    69 |     [01;31m[K)[m[K
[4.523s]       |     [01;31m[K^[m[K
[4.523s] [01m[K/home/etern1ty/ros2_ws/src/pub_controller/src/pub_func.cpp:[m[K In member function â€˜[01m[Kvoid Controller::topic_callback(const Joy&)[m[Kâ€™:
[4.523s] [01m[K/home/etern1ty/ros2_ws/src/pub_controller/src/pub_func.cpp:75:51:[m[K [01;31m[Kerror: [m[Kexpected primary-expression before â€˜[01m[K;[m[Kâ€™ token
[4.523s]    75 |     auto motion_data = pub_controller::msg::Motion[01;31m[K;[m[K
[4.524s]       |                                                   [01;31m[K^[m[K
[5.136s] gmake[2]: *** [CMakeFiles/controller.dir/build.make:76: CMakeFiles/controller.dir/src/pub_func.cpp.o] Error 1
[5.137s] gmake[1]: *** [CMakeFiles/Makefile2:593: CMakeFiles/controller.dir/all] Error 2
[5.137s] gmake: *** [Makefile:146: all] Error 2
[5.140s] Invoked command in '/home/etern1ty/ros2_ws/build/pub_controller' returned '2': CMAKE_PREFIX_PATH=/opt/ros/humble /usr/bin/cmake --build /home/etern1ty/ros2_ws/build/pub_controller -- -j12 -l12
