[01m[K/home/etern1ty/ros2_ws/src/flare_detect/src/detection.cpp:[m[K In destructor â€˜[01m[Kvirtual Detection::~Detection()[m[Kâ€™:
[01m[K/home/etern1ty/ros2_ws/src/flare_detect/src/detection.cpp:53:5:[m[K [01;31m[Kerror: [m[Kâ€˜[01m[Kwaitkey[m[Kâ€™ was not declared in this scope; did you mean â€˜[01m[Kwrite[m[Kâ€™?
   53 |     [01;31m[Kwaitkey[m[K(0);
      |     [01;31m[K^~~~~~~[m[K
      |     [32m[Kwrite[m[K
gmake[2]: *** [CMakeFiles/detection.dir/build.make:76: CMakeFiles/detection.dir/src/detection.cpp.o] Error 1
gmake[1]: *** [CMakeFiles/Makefile2:593: CMakeFiles/detection.dir/all] Error 2
gmake: *** [Makefile:146: all] Error 2
