-- Found ament_cmake: 1.3.7 (/opt/ros/humble/share/ament_cmake/cmake)
-- Found rclcpp: 16.0.8 (/opt/ros/humble/share/rclcpp/cmake)
-- Found rosidl_generator_c: 3.1.5 (/opt/ros/humble/share/rosidl_generator_c/cmake)
-- Found rosidl_adapter: 3.1.5 (/opt/ros/humble/share/rosidl_adapter/cmake)
-- Found rosidl_generator_cpp: 3.1.5 (/opt/ros/humble/share/rosidl_generator_cpp/cmake)
-- Using all available rosidl_typesupport_c: rosidl_typesupport_fastrtps_c;rosidl_typesupport_introspection_c
-- Using all available rosidl_typesupport_cpp: rosidl_typesupport_fastrtps_cpp;rosidl_typesupport_introspection_cpp
-- Found rmw_implementation_cmake: 6.1.1 (/opt/ros/humble/share/rmw_implementation_cmake/cmake)
-- Found rmw_fastrtps_cpp: 6.2.6 (/opt/ros/humble/share/rmw_fastrtps_cpp/cmake)
-- Using RMW implementation 'rmw_fastrtps_cpp' as default
-- Found rosidl_default_generators: 1.2.0 (/opt/ros/humble/share/rosidl_default_generators/cmake)
-- Found ament_cmake_ros: 0.10.0 (/opt/ros/humble/share/ament_cmake_ros/cmake)
-- Using all available rosidl_typesupport_c: rosidl_typesupport_fastrtps_c;rosidl_typesupport_introspection_c
-- Using all available rosidl_typesupport_cpp: rosidl_typesupport_fastrtps_cpp;rosidl_typesupport_introspection_cpp
-- Found python_cmake_module: 0.10.0 (/opt/ros/humble/share/python_cmake_module/cmake)
-- Using PYTHON_EXECUTABLE: /usr/bin/python3
-- Using PYTHON_INCLUDE_DIRS: /usr/include/python3.10
-- Using PYTHON_LIBRARIES: /usr/lib/x86_64-linux-gnu/libpython3.10.so
-- Found ament_lint_auto: 0.12.10 (/opt/ros/humble/share/ament_lint_auto/cmake)
-- Added test 'cppcheck' to perform static code analysis on C / C++ code
-- Configured cppcheck include dirs: 
-- Configured cppcheck exclude dirs and/or files: 
-- Added test 'lint_cmake' to check CMake code style
-- Added test 'uncrustify' to check C / C++ code style
-- Configured uncrustify additional arguments: 
-- Added test 'xmllint' to check XML markup files
-- Configuring done
-- Generating done
-- Build files have been written to: /home/etern1ty/ros2_ws/build/flare_detect
[35m[1mConsolidate compiler generated dependencies of target flare_detect__rosidl_generator_c[0m
[  6%] [32mBuilding CXX object CMakeFiles/detection.dir/src/detection.cpp.o[0m
[  6%] Built target flare_detect__cpp
[ 15%] Built target flare_detect__rosidl_generator_c
[ 15%] Built target ament_cmake_python_copy_flare_detect
[35m[1mConsolidate compiler generated dependencies of target flare_detect__rosidl_typesupport_introspection_cpp[0m
[35m[1mConsolidate compiler generated dependencies of target flare_detect__rosidl_typesupport_cpp[0m
[35m[1mConsolidate compiler generated dependencies of target flare_detect__rosidl_typesupport_introspection_c[0m
[35m[1mConsolidate compiler generated dependencies of target flare_detect__rosidl_typesupport_fastrtps_cpp[0m
[35m[1mConsolidate compiler generated dependencies of target flare_detect__rosidl_typesupport_fastrtps_c[0m
[35m[1mConsolidate compiler generated dependencies of target flare_detect__rosidl_typesupport_c[0m
[ 24%] Built target flare_detect__rosidl_typesupport_introspection_c
[ 42%] Built target flare_detect__rosidl_typesupport_c
[ 42%] Built target flare_detect__rosidl_typesupport_cpp
[ 51%] Built target flare_detect__rosidl_typesupport_introspection_cpp
[ 60%] Built target flare_detect__rosidl_typesupport_fastrtps_cpp
[ 69%] Built target flare_detect__rosidl_typesupport_fastrtps_c
[ 69%] Built target flare_detect
[ 72%] Built target flare_detect__py
[35m[1mConsolidate compiler generated dependencies of target flare_detect__rosidl_generator_py[0m
[ 78%] Built target flare_detect__rosidl_generator_py
[35m[1mConsolidate compiler generated dependencies of target flare_detect__rosidl_typesupport_fastrtps_c__pyext[0m
[35m[1mConsolidate compiler generated dependencies of target flare_detect__rosidl_typesupport_introspection_c__pyext[0m
[35m[1mConsolidate compiler generated dependencies of target flare_detect__rosidl_typesupport_c__pyext[0m
[ 84%] Built target flare_detect__rosidl_typesupport_c__pyext
[ 90%] Built target flare_detect__rosidl_typesupport_introspection_c__pyext
[ 96%] Built target flare_detect__rosidl_typesupport_fastrtps_c__pyext
running egg_info
writing flare_detect.egg-info/PKG-INFO
writing dependency_links to flare_detect.egg-info/dependency_links.txt
writing top-level names to flare_detect.egg-info/top_level.txt
reading manifest file 'flare_detect.egg-info/SOURCES.txt'
writing manifest file 'flare_detect.egg-info/SOURCES.txt'
[01m[K/home/etern1ty/ros2_ws/src/flare_detect/src/detection.cpp:22:10:[m[K [01;31m[Kfatal error: [m[Kflare_detect/msg/detected.hpp: No such file or directory
   22 | #include [01;31m[K"flare_detect/msg/detected.hpp"[m[K
      |          [01;31m[K^~~~~~~~~~~~~~~~~~~~~~~~~~~~~~~[m[K
compilation terminated.
gmake[2]: *** [CMakeFiles/detection.dir/build.make:76: CMakeFiles/detection.dir/src/detection.cpp.o] Error 1
gmake[1]: *** [CMakeFiles/Makefile2:592: CMakeFiles/detection.dir/all] Error 2
gmake[1]: *** Waiting for unfinished jobs....
[ 96%] Built target ament_cmake_python_build_flare_detect_egg
gmake: *** [Makefile:146: all] Error 2
