[0.057s] Invoking command in '/home/etern1ty/ros2_ws/build/flare_detect': CMAKE_PREFIX_PATH=/opt/ros/humble /usr/bin/cmake --build /home/etern1ty/ros2_ws/build/flare_detect -- -j12 -l12
[0.088s] -- Found ament_cmake: 1.3.7 (/opt/ros/humble/share/ament_cmake/cmake)
[0.235s] -- Found rclcpp: 16.0.8 (/opt/ros/humble/share/rclcpp/cmake)
[0.286s] -- Found rosidl_generator_c: 3.1.5 (/opt/ros/humble/share/rosidl_generator_c/cmake)
[0.289s] -- Found rosidl_adapter: 3.1.5 (/opt/ros/humble/share/rosidl_adapter/cmake)
[0.295s] -- Found rosidl_generator_cpp: 3.1.5 (/opt/ros/humble/share/rosidl_generator_cpp/cmake)
[0.305s] -- Using all available rosidl_typesupport_c: rosidl_typesupport_fastrtps_c;rosidl_typesupport_introspection_c
[0.320s] -- Using all available rosidl_typesupport_cpp: rosidl_typesupport_fastrtps_cpp;rosidl_typesupport_introspection_cpp
[0.371s] -- Found rmw_implementation_cmake: 6.1.1 (/opt/ros/humble/share/rmw_implementation_cmake/cmake)
[0.372s] -- Found rmw_fastrtps_cpp: 6.2.6 (/opt/ros/humble/share/rmw_fastrtps_cpp/cmake)
[0.503s] -- Using RMW implementation 'rmw_fastrtps_cpp' as default
[0.656s] -- Found rosidl_default_generators: 1.2.0 (/opt/ros/humble/share/rosidl_default_generators/cmake)
[0.897s] -- Found ament_cmake_ros: 0.10.0 (/opt/ros/humble/share/ament_cmake_ros/cmake)
[1.175s] -- Using all available rosidl_typesupport_c: rosidl_typesupport_fastrtps_c;rosidl_typesupport_introspection_c
[1.285s] -- Using all available rosidl_typesupport_cpp: rosidl_typesupport_fastrtps_cpp;rosidl_typesupport_introspection_cpp
[1.308s] -- Found python_cmake_module: 0.10.0 (/opt/ros/humble/share/python_cmake_module/cmake)
[1.329s] -- Using PYTHON_EXECUTABLE: /usr/bin/python3
[1.329s] -- Using PYTHON_INCLUDE_DIRS: /usr/include/python3.10
[1.330s] -- Using PYTHON_LIBRARIES: /usr/lib/x86_64-linux-gnu/libpython3.10.so
[1.340s] -- Found ament_lint_auto: 0.12.10 (/opt/ros/humble/share/ament_lint_auto/cmake)
[1.350s] -- Added test 'cppcheck' to perform static code analysis on C / C++ code
[1.350s] -- Configured cppcheck include dirs: 
[1.350s] -- Configured cppcheck exclude dirs and/or files: 
[1.351s] -- Added test 'lint_cmake' to check CMake code style
[1.352s] -- Added test 'uncrustify' to check C / C++ code style
[1.352s] -- Configured uncrustify additional arguments: 
[1.352s] -- Added test 'xmllint' to check XML markup files
[1.354s] -- Configuring done
[1.399s] -- Generating done
[1.403s] -- Build files have been written to: /home/etern1ty/ros2_ws/build/flare_detect
[1.436s] [35m[1mConsolidate compiler generated dependencies of target flare_detect__rosidl_generator_c[0m
[1.447s] [  6%] [32mBuilding CXX object CMakeFiles/detection.dir/src/detection.cpp.o[0m
[1.447s] [  6%] Built target flare_detect__cpp
[1.449s] [ 15%] Built target flare_detect__rosidl_generator_c
[1.460s] [ 15%] Built target ament_cmake_python_copy_flare_detect
[1.461s] [35m[1mConsolidate compiler generated dependencies of target flare_detect__rosidl_typesupport_introspection_cpp[0m
[1.461s] [35m[1mConsolidate compiler generated dependencies of target flare_detect__rosidl_typesupport_cpp[0m
[1.462s] [35m[1mConsolidate compiler generated dependencies of target flare_detect__rosidl_typesupport_introspection_c[0m
[1.462s] [35m[1mConsolidate compiler generated dependencies of target flare_detect__rosidl_typesupport_fastrtps_cpp[0m
[1.462s] [35m[1mConsolidate compiler generated dependencies of target flare_detect__rosidl_typesupport_fastrtps_c[0m
[1.463s] [35m[1mConsolidate compiler generated dependencies of target flare_detect__rosidl_typesupport_c[0m
[1.477s] [ 24%] Built target flare_detect__rosidl_typesupport_introspection_c
[1.479s] [ 42%] Built target flare_detect__rosidl_typesupport_c
[1.479s] [ 42%] Built target flare_detect__rosidl_typesupport_cpp
[1.481s] [ 51%] Built target flare_detect__rosidl_typesupport_introspection_cpp
[1.482s] [ 60%] Built target flare_detect__rosidl_typesupport_fastrtps_cpp
[1.482s] [ 69%] Built target flare_detect__rosidl_typesupport_fastrtps_c
[1.505s] [ 69%] Built target flare_detect
[1.530s] [ 72%] Built target flare_detect__py
[1.543s] [35m[1mConsolidate compiler generated dependencies of target flare_detect__rosidl_generator_py[0m
[1.559s] [ 78%] Built target flare_detect__rosidl_generator_py
[1.572s] [35m[1mConsolidate compiler generated dependencies of target flare_detect__rosidl_typesupport_fastrtps_c__pyext[0m
[1.573s] [35m[1mConsolidate compiler generated dependencies of target flare_detect__rosidl_typesupport_introspection_c__pyext[0m
[1.573s] [35m[1mConsolidate compiler generated dependencies of target flare_detect__rosidl_typesupport_c__pyext[0m
[1.590s] [ 84%] Built target flare_detect__rosidl_typesupport_c__pyext
[1.591s] [ 90%] Built target flare_detect__rosidl_typesupport_introspection_c__pyext
[1.592s] [ 96%] Built target flare_detect__rosidl_typesupport_fastrtps_c__pyext
[1.733s] running egg_info
[1.734s] writing flare_detect.egg-info/PKG-INFO
[1.734s] writing dependency_links to flare_detect.egg-info/dependency_links.txt
[1.734s] writing top-level names to flare_detect.egg-info/top_level.txt
[1.737s] reading manifest file 'flare_detect.egg-info/SOURCES.txt'
[1.738s] writing manifest file 'flare_detect.egg-info/SOURCES.txt'
[1.738s] [01m[K/home/etern1ty/ros2_ws/src/flare_detect/src/detection.cpp:22:10:[m[K [01;31m[Kfatal error: [m[Kflare_detect/msg/detected.hpp: No such file or directory
[1.738s]    22 | #include [01;31m[K"flare_detect/msg/detected.hpp"[m[K
[1.738s]       |          [01;31m[K^~~~~~~~~~~~~~~~~~~~~~~~~~~~~~~[m[K
[1.738s] compilation terminated.
[1.744s] gmake[2]: *** [CMakeFiles/detection.dir/build.make:76: CMakeFiles/detection.dir/src/detection.cpp.o] Error 1
[1.744s] gmake[1]: *** [CMakeFiles/Makefile2:592: CMakeFiles/detection.dir/all] Error 2
[1.744s] gmake[1]: *** Waiting for unfinished jobs....
[1.778s] [ 96%] Built target ament_cmake_python_build_flare_detect_egg
[1.780s] gmake: *** [Makefile:146: all] Error 2
[1.784s] Invoked command in '/home/etern1ty/ros2_ws/build/flare_detect' returned '2': CMAKE_PREFIX_PATH=/opt/ros/humble /usr/bin/cmake --build /home/etern1ty/ros2_ws/build/flare_detect -- -j12 -l12
