[0.054s] Invoking command in '/home/etern1ty/ros2_ws/build/flare_detect': CMAKE_PREFIX_PATH=/opt/ros/humble /usr/bin/cmake --build /home/etern1ty/ros2_ws/build/flare_detect -- -j12 -l12
[0.127s] [  6%] Built target flare_detect__cpp
[0.128s] [  6%] [32mBuilding CXX object CMakeFiles/detection.dir/src/detection.cpp.o[0m
[0.135s] [ 15%] Built target flare_detect__rosidl_generator_c
[0.144s] [ 15%] Built target ament_cmake_python_copy_flare_detect
[0.160s] [ 24%] Built target flare_detect__rosidl_typesupport_cpp
[0.161s] [ 33%] Built target flare_detect__rosidl_typesupport_introspection_cpp
[0.162s] [ 42%] Built target flare_detect__rosidl_typesupport_fastrtps_cpp
[0.163s] [ 57%] Built target flare_detect__rosidl_typesupport_c
[0.164s] [ 60%] Built target flare_detect__rosidl_typesupport_introspection_c
[0.166s] [ 69%] Built target flare_detect__rosidl_typesupport_fastrtps_c
[0.197s] [ 69%] Built target flare_detect
[0.230s] [ 72%] Built target flare_detect__py
[0.259s] [ 78%] Built target flare_detect__rosidl_generator_py
[0.287s] [ 96%] Built target flare_detect__rosidl_typesupport_c__pyext
[0.287s] [ 96%] Built target flare_detect__rosidl_typesupport_introspection_c__pyext
[0.287s] [ 96%] Built target flare_detect__rosidl_typesupport_fastrtps_c__pyext
[0.441s] running egg_info
[0.442s] writing flare_detect.egg-info/PKG-INFO
[0.442s] writing dependency_links to flare_detect.egg-info/dependency_links.txt
[0.442s] writing top-level names to flare_detect.egg-info/top_level.txt
[0.445s] reading manifest file 'flare_detect.egg-info/SOURCES.txt'
[0.446s] writing manifest file 'flare_detect.egg-info/SOURCES.txt'
[0.481s] [ 96%] Built target ament_cmake_python_build_flare_detect_egg
[0.543s] [01m[K/home/etern1ty/ros2_ws/src/flare_detect/src/detection.cpp:21:10:[m[K [01;31m[Kfatal error: [m[Kflare_detect/msg/detected.hpp: No such file or directory
[0.543s]    21 | #include [01;31m[K"flare_detect/msg/detected.hpp"[m[K
[0.543s]       |          [01;31m[K^~~~~~~~~~~~~~~~~~~~~~~~~~~~~~~[m[K
[0.543s] compilation terminated.
[0.548s] gmake[2]: *** [CMakeFiles/detection.dir/build.make:76: CMakeFiles/detection.dir/src/detection.cpp.o] Error 1
[0.548s] gmake[1]: *** [CMakeFiles/Makefile2:592: CMakeFiles/detection.dir/all] Error 2
[0.548s] gmake: *** [Makefile:146: all] Error 2
[0.551s] Invoked command in '/home/etern1ty/ros2_ws/build/flare_detect' returned '2': CMAKE_PREFIX_PATH=/opt/ros/humble /usr/bin/cmake --build /home/etern1ty/ros2_ws/build/flare_detect -- -j12 -l12
