[0.053s] Invoking command in '/home/etern1ty/ros2_ws/build/yolo': CMAKE_PREFIX_PATH=/opt/ros/humble /usr/bin/cmake --build /home/etern1ty/ros2_ws/build/yolo -- -j12 -l12
[0.101s] [35m[1mConsolidate compiler generated dependencies of target yolo_func[0m
[0.127s] [ 50%] [32mBuilding CXX object CMakeFiles/yolo_func.dir/src/yolo_func.cpp.o[0m
[3.083s] [01m[K/home/etern1ty/ros2_ws/src/yolo/src/yolo_func.cpp:[m[K In constructor â€˜[01m[KYoloPublisher::YoloPublisher()[m[Kâ€™:
[3.083s] [01m[K/home/etern1ty/ros2_ws/src/yolo/src/yolo_func.cpp:36:9:[m[K [01;31m[Kerror: [m[Kâ€˜[01m[KpublisherImage_[m[Kâ€™ was not declared in this scope; did you mean â€˜[01m[KpublishImage_[m[Kâ€™?
[3.084s]    36 |         [01;31m[KpublisherImage_[m[K = this->create_publisher<sensor_msgs::msg::Image>("webcam_image", 10);
[3.084s]       |         [01;31m[K^~~~~~~~~~~~~~~[m[K
[3.084s]       |         [32m[KpublishImage_[m[K
[3.102s] [01m[K/home/etern1ty/ros2_ws/src/yolo/src/yolo_func.cpp:[m[K In member function â€˜[01m[Kvoid YoloPublisher::publish_image()[m[Kâ€™:
[3.102s] [01m[K/home/etern1ty/ros2_ws/src/yolo/src/yolo_func.cpp:48:33:[m[K [01;31m[Kerror: [m[Kâ€˜[01m[KpublisherImage_[m[Kâ€™ was not declared in this scope; did you mean â€˜[01m[KpublishImage_[m[Kâ€™?
[3.102s]    48 |             publishImage(image, [01;31m[KpublisherImage_[m[K);
[3.103s]       |                                 [01;31m[K^~~~~~~~~~~~~~~[m[K
[3.103s]       |                                 [32m[KpublishImage_[m[K
[4.179s] gmake[2]: *** [CMakeFiles/yolo_func.dir/build.make:76: CMakeFiles/yolo_func.dir/src/yolo_func.cpp.o] Error 1
[4.180s] gmake[1]: *** [CMakeFiles/Makefile2:137: CMakeFiles/yolo_func.dir/all] Error 2
[4.180s] gmake: *** [Makefile:146: all] Error 2
[4.184s] Invoked command in '/home/etern1ty/ros2_ws/build/yolo' returned '2': CMAKE_PREFIX_PATH=/opt/ros/humble /usr/bin/cmake --build /home/etern1ty/ros2_ws/build/yolo -- -j12 -l12
