[  9%] Built target flare_detect__rosidl_generator_c
[ 12%] Built target flare_detect__cpp
[ 12%] Built target ament_cmake_python_copy_flare_detect
[ 21%] Built target flare_detect__rosidl_typesupport_introspection_cpp
[ 45%] Built target flare_detect__rosidl_typesupport_c
[ 45%] Built target flare_detect__rosidl_typesupport_fastrtps_c
[ 48%] Built target flare_detect__rosidl_typesupport_introspection_c
[ 57%] Built target flare_detect__rosidl_typesupport_cpp
[ 66%] Built target flare_detect__rosidl_typesupport_fastrtps_cpp
[ 66%] Built target flare_detect
[ 69%] [32mBuilding CXX object CMakeFiles/detection.dir/src/detection.cpp.o[0m
[ 72%] Built target flare_detect__py
[ 78%] Built target flare_detect__rosidl_generator_py
[ 90%] Built target flare_detect__rosidl_typesupport_fastrtps_c__pyext
[ 90%] Built target flare_detect__rosidl_typesupport_c__pyext
[ 96%] Built target flare_detect__rosidl_typesupport_introspection_c__pyext
running egg_info
writing flare_detect.egg-info/PKG-INFO
writing dependency_links to flare_detect.egg-info/dependency_links.txt
writing top-level names to flare_detect.egg-info/top_level.txt
reading manifest file 'flare_detect.egg-info/SOURCES.txt'
writing manifest file 'flare_detect.egg-info/SOURCES.txt'
[ 96%] Built target ament_cmake_python_build_flare_detect_egg
[01m[K/home/etern1ty/ros2_ws/src/flare_detect/src/detection.cpp:[m[K In member function â€˜[01m[Kvoid Detection::topic_callback()[m[Kâ€™:
[01m[K/home/etern1ty/ros2_ws/src/flare_detect/src/detection.cpp:73:14:[m[K [01;31m[Kerror: [m[Kâ€˜[01m[Kmessage[m[Kâ€™ was not declared in this scope
   73 |       return [01;31m[Kmessage[m[K;
      |              [01;31m[K^~~~~~~[m[K
[01m[K/home/etern1ty/ros2_ws/src/flare_detect/src/detection.cpp:[m[K In member function â€˜[01m[Kflare_detect::msg::Detected Detection::detectColors(const cv::Mat&)[m[Kâ€™:
[01m[K/home/etern1ty/ros2_ws/src/flare_detect/src/detection.cpp:88:32:[m[K [01;31m[Kerror: [m[Kâ€˜[01m[Kred[m[Kâ€™ was not declared in this scope; did you mean â€˜[01m[Kread[m[Kâ€™?
   88 |     message.red = countNonZero([01;31m[Kred[m[K) > 0;
      |                                [01;31m[K^~~[m[K
      |                                [32m[Kread[m[K
[01m[K/home/etern1ty/ros2_ws/src/flare_detect/src/detection.cpp:89:35:[m[K [01;31m[Kerror: [m[Kâ€˜[01m[Kyellow[m[Kâ€™ was not declared in this scope
   89 |     message.yellow = countNonZero([01;31m[Kyellow[m[K) > 0;
      |                                   [01;31m[K^~~~~~[m[K
[01m[K/home/etern1ty/ros2_ws/src/flare_detect/src/detection.cpp:90:33:[m[K [01;31m[Kerror: [m[Kâ€˜[01m[Kblue[m[Kâ€™ was not declared in this scope
   90 |     message.blue = countNonZero([01;31m[Kblue[m[K) > 0;
      |                                 [01;31m[K^~~~[m[K
[01m[K/home/etern1ty/ros2_ws/src/flare_detect/src/detection.cpp:85:55:[m[K [01;35m[Kwarning: [m[Kunused parameter â€˜[01m[Kframe[m[Kâ€™ [[01;35m[K]8;;https://gcc.gnu.org/onlinedocs/gcc/Warning-Options.html#index-Wunused-parameter-Wunused-parameter]8;;[m[K]
   85 |   flare_detect::msg::Detected detectColors([01;35m[Kconst Mat &frame[m[K) {
      |                                            [01;35m[K~~~~~~~~~~~^~~~~[m[K
gmake[2]: *** [CMakeFiles/detection.dir/build.make:76: CMakeFiles/detection.dir/src/detection.cpp.o] Error 1
gmake[1]: *** [CMakeFiles/Makefile2:593: CMakeFiles/detection.dir/all] Error 2
gmake: *** [Makefile:146: all] Error 2
