[0.074s] Invoking command in '/home/etern1ty/ros2_ws/build/flare_detect': CMAKE_PREFIX_PATH=${CMAKE_PREFIX_PATH}:/home/etern1ty/ros2_ws/install/launch_testing_examples:/home/etern1ty/ros2_ws/install/examples_rclpy_pointcloud_publisher:/home/etern1ty/ros2_ws/install/examples_rclpy_minimal_subscriber:/home/etern1ty/ros2_ws/install/examples_rclpy_minimal_service:/home/etern1ty/ros2_ws/install/examples_rclpy_minimal_publisher:/home/etern1ty/ros2_ws/install/examples_rclpy_minimal_client:/home/etern1ty/ros2_ws/install/examples_rclpy_minimal_action_server:/home/etern1ty/ros2_ws/install/examples_rclpy_minimal_action_client:/home/etern1ty/ros2_ws/install/examples_rclpy_guard_conditions:/home/etern1ty/ros2_ws/install/examples_rclpy_executors:/opt/ros/humble /usr/bin/cmake --build /home/etern1ty/ros2_ws/build/flare_detect -- -j12 -l12
[0.145s] [  9%] Built target flare_detect__rosidl_generator_c
[0.145s] [ 12%] Built target flare_detect__cpp
[0.157s] [ 12%] Built target ament_cmake_python_copy_flare_detect
[0.174s] [ 21%] Built target flare_detect__rosidl_typesupport_introspection_cpp
[0.176s] [ 45%] Built target flare_detect__rosidl_typesupport_c
[0.176s] [ 45%] Built target flare_detect__rosidl_typesupport_fastrtps_c
[0.176s] [ 48%] Built target flare_detect__rosidl_typesupport_introspection_c
[0.189s] [ 57%] Built target flare_detect__rosidl_typesupport_cpp
[0.193s] [ 66%] Built target flare_detect__rosidl_typesupport_fastrtps_cpp
[0.224s] [ 66%] Built target flare_detect
[0.230s] [ 69%] [32mBuilding CXX object CMakeFiles/detection.dir/src/detection.cpp.o[0m
[0.255s] [ 72%] Built target flare_detect__py
[0.289s] [ 78%] Built target flare_detect__rosidl_generator_py
[0.321s] [ 90%] Built target flare_detect__rosidl_typesupport_fastrtps_c__pyext
[0.321s] [ 90%] Built target flare_detect__rosidl_typesupport_c__pyext
[0.321s] [ 96%] Built target flare_detect__rosidl_typesupport_introspection_c__pyext
[0.439s] running egg_info
[0.440s] writing flare_detect.egg-info/PKG-INFO
[0.440s] writing dependency_links to flare_detect.egg-info/dependency_links.txt
[0.440s] writing top-level names to flare_detect.egg-info/top_level.txt
[0.443s] reading manifest file 'flare_detect.egg-info/SOURCES.txt'
[0.444s] writing manifest file 'flare_detect.egg-info/SOURCES.txt'
[0.488s] [ 96%] Built target ament_cmake_python_build_flare_detect_egg
[3.351s] [01m[K/home/etern1ty/ros2_ws/src/flare_detect/src/detection.cpp:[m[K In member function â€˜[01m[Kvoid Detection::topic_callback()[m[Kâ€™:
[3.351s] [01m[K/home/etern1ty/ros2_ws/src/flare_detect/src/detection.cpp:73:14:[m[K [01;31m[Kerror: [m[Kâ€˜[01m[Kmessage[m[Kâ€™ was not declared in this scope
[3.351s]    73 |       return [01;31m[Kmessage[m[K;
[3.351s]       |              [01;31m[K^~~~~~~[m[K
[3.357s] [01m[K/home/etern1ty/ros2_ws/src/flare_detect/src/detection.cpp:[m[K In member function â€˜[01m[Kflare_detect::msg::Detected Detection::detectColors(const cv::Mat&)[m[Kâ€™:
[3.357s] [01m[K/home/etern1ty/ros2_ws/src/flare_detect/src/detection.cpp:88:32:[m[K [01;31m[Kerror: [m[Kâ€˜[01m[Kred[m[Kâ€™ was not declared in this scope; did you mean â€˜[01m[Kread[m[Kâ€™?
[3.357s]    88 |     message.red = countNonZero([01;31m[Kred[m[K) > 0;
[3.357s]       |                                [01;31m[K^~~[m[K
[3.357s]       |                                [32m[Kread[m[K
[3.363s] [01m[K/home/etern1ty/ros2_ws/src/flare_detect/src/detection.cpp:89:35:[m[K [01;31m[Kerror: [m[Kâ€˜[01m[Kyellow[m[Kâ€™ was not declared in this scope
[3.363s]    89 |     message.yellow = countNonZero([01;31m[Kyellow[m[K) > 0;
[3.363s]       |                                   [01;31m[K^~~~~~[m[K
[3.368s] [01m[K/home/etern1ty/ros2_ws/src/flare_detect/src/detection.cpp:90:33:[m[K [01;31m[Kerror: [m[Kâ€˜[01m[Kblue[m[Kâ€™ was not declared in this scope
[3.368s]    90 |     message.blue = countNonZero([01;31m[Kblue[m[K) > 0;
[3.368s]       |                                 [01;31m[K^~~~[m[K
[3.369s] [01m[K/home/etern1ty/ros2_ws/src/flare_detect/src/detection.cpp:85:55:[m[K [01;35m[Kwarning: [m[Kunused parameter â€˜[01m[Kframe[m[Kâ€™ [[01;35m[K]8;;https://gcc.gnu.org/onlinedocs/gcc/Warning-Options.html#index-Wunused-parameter-Wunused-parameter]8;;[m[K]
[3.369s]    85 |   flare_detect::msg::Detected detectColors([01;35m[Kconst Mat &frame[m[K) {
[3.369s]       |                                            [01;35m[K~~~~~~~~~~~^~~~~[m[K
[5.011s] gmake[2]: *** [CMakeFiles/detection.dir/build.make:76: CMakeFiles/detection.dir/src/detection.cpp.o] Error 1
[5.012s] gmake[1]: *** [CMakeFiles/Makefile2:593: CMakeFiles/detection.dir/all] Error 2
[5.012s] gmake: *** [Makefile:146: all] Error 2
[5.018s] Invoked command in '/home/etern1ty/ros2_ws/build/flare_detect' returned '2': CMAKE_PREFIX_PATH=${CMAKE_PREFIX_PATH}:/home/etern1ty/ros2_ws/install/launch_testing_examples:/home/etern1ty/ros2_ws/install/examples_rclpy_pointcloud_publisher:/home/etern1ty/ros2_ws/install/examples_rclpy_minimal_subscriber:/home/etern1ty/ros2_ws/install/examples_rclpy_minimal_service:/home/etern1ty/ros2_ws/install/examples_rclpy_minimal_publisher:/home/etern1ty/ros2_ws/install/examples_rclpy_minimal_client:/home/etern1ty/ros2_ws/install/examples_rclpy_minimal_action_server:/home/etern1ty/ros2_ws/install/examples_rclpy_minimal_action_client:/home/etern1ty/ros2_ws/install/examples_rclpy_guard_conditions:/home/etern1ty/ros2_ws/install/examples_rclpy_executors:/opt/ros/humble /usr/bin/cmake --build /home/etern1ty/ros2_ws/build/flare_detect -- -j12 -l12
