<?xml version="1.0" encoding="utf-8"?><testsuites><testsuite name="pytest" errors="0" failures="0" skipped="0" tests="3" time="0.565" timestamp="2024-02-01T00:47:14.149383" hostname="Etern1ty-14ALC6"><testcase classname="examples_rclpy_executors.executors.test.test_copyright" name="test_copyright" time="0.280" /><testcase classname="examples_rclpy_executors.executors.test.test_flake8" name="test_flake8" time="0.129" /><testcase classname="examples_rclpy_executors.executors.test.test_pep257" name="test_pep257" time="0.055" /></testsuite></testsuites>