[01m[K/home/etern1ty/ros2_ws/src/pub_controller/src/pub_func.cpp:[m[K In constructor â€˜[01m[KController::Controller()[m[Kâ€™:
[01m[K/home/etern1ty/ros2_ws/src/pub_controller/src/pub_func.cpp:69:6:[m[K [01;31m[Kerror: [m[Kexpected â€˜[01m[K)[m[Kâ€™ before â€˜[01m[K;[m[Kâ€™ token
   69 |     )[01;31m[K;[m[K
      |      [01;31m[K^[m[K
[01m[K/home/etern1ty/ros2_ws/src/pub_controller/src/pub_func.cpp:67:67:[m[K [01;36m[Knote: [m[Kto match this â€˜[01m[K([m[Kâ€™
   67 |     subscriber_ = this->create_subscription<sensor_msgs::msg::Joy>[01;36m[K([m[K
      |                                                                   [01;36m[K^[m[K
gmake[2]: *** [CMakeFiles/controller.dir/build.make:76: CMakeFiles/controller.dir/src/pub_func.cpp.o] Error 1
gmake[1]: *** [CMakeFiles/Makefile2:593: CMakeFiles/controller.dir/all] Error 2
gmake: *** [Makefile:146: all] Error 2
