-- Found ament_cmake: 1.3.7 (/opt/ros/humble/share/ament_cmake/cmake)
-- Found rclcpp: 16.0.8 (/opt/ros/humble/share/rclcpp/cmake)
-- Found rosidl_generator_c: 3.1.5 (/opt/ros/humble/share/rosidl_generator_c/cmake)
-- Found rosidl_adapter: 3.1.5 (/opt/ros/humble/share/rosidl_adapter/cmake)
-- Found rosidl_generator_cpp: 3.1.5 (/opt/ros/humble/share/rosidl_generator_cpp/cmake)
-- Using all available rosidl_typesupport_c: rosidl_typesupport_fastrtps_c;rosidl_typesupport_introspection_c
-- Using all available rosidl_typesupport_cpp: rosidl_typesupport_fastrtps_cpp;rosidl_typesupport_introspection_cpp
-- Found rmw_implementation_cmake: 6.1.1 (/opt/ros/humble/share/rmw_implementation_cmake/cmake)
-- Found rmw_fastrtps_cpp: 6.2.6 (/opt/ros/humble/share/rmw_fastrtps_cpp/cmake)
-- Using RMW implementation 'rmw_fastrtps_cpp' as default
-- Found rosidl_default_generators: 1.2.0 (/opt/ros/humble/share/rosidl_default_generators/cmake)
-- Found ament_cmake_ros: 0.10.0 (/opt/ros/humble/share/ament_cmake_ros/cmake)
-- Using all available rosidl_typesupport_c: rosidl_typesupport_fastrtps_c;rosidl_typesupport_introspection_c
-- Using all available rosidl_typesupport_cpp: rosidl_typesupport_fastrtps_cpp;rosidl_typesupport_introspection_cpp
-- Found python_cmake_module: 0.10.0 (/opt/ros/humble/share/python_cmake_module/cmake)
-- Using PYTHON_EXECUTABLE: /usr/bin/python3
-- Using PYTHON_INCLUDE_DIRS: /usr/include/python3.10
-- Using PYTHON_LIBRARIES: /usr/lib/x86_64-linux-gnu/libpython3.10.so
-- Found ament_lint_auto: 0.12.10 (/opt/ros/humble/share/ament_lint_auto/cmake)
-- Added test 'cppcheck' to perform static code analysis on C / C++ code
-- Configured cppcheck include dirs: 
-- Configured cppcheck exclude dirs and/or files: 
-- Added test 'lint_cmake' to check CMake code style
-- Added test 'uncrustify' to check C / C++ code style
-- Configured uncrustify additional arguments: 
-- Added test 'xmllint' to check XML markup files
-- Configuring done
-- Generating done
-- Build files have been written to: /home/etern1ty/ros2_ws/build/flare_detect
[35m[1mConsolidate compiler generated dependencies of target flare_detect__rosidl_generator_c[0m
[  3%] Built target flare_detect__cpp
[  6%] [32mBuilding C object CMakeFiles/flare_detect__rosidl_generator_c.dir/rosidl_generator_c/flare_detect/msg/detail/detected__functions.c.o[0m
[  6%] Built target ament_cmake_python_copy_flare_detect
[35m[1mConsolidate compiler generated dependencies of target flare_detect__rosidl_typesupport_introspection_cpp[0m
[35m[1mConsolidate compiler generated dependencies of target flare_detect__rosidl_typesupport_fastrtps_cpp[0m
[35m[1mConsolidate compiler generated dependencies of target flare_detect__rosidl_typesupport_cpp[0m
[ 12%] [32mBuilding CXX object CMakeFiles/flare_detect__rosidl_typesupport_introspection_cpp.dir/rosidl_typesupport_introspection_cpp/flare_detect/msg/detail/detected__type_support.cpp.o[0m
[ 12%] [32mBuilding CXX object CMakeFiles/flare_detect__rosidl_typesupport_fastrtps_cpp.dir/rosidl_typesupport_fastrtps_cpp/flare_detect/msg/detail/dds_fastrtps/detected__type_support.cpp.o[0m
[ 15%] [32mBuilding CXX object CMakeFiles/flare_detect__rosidl_typesupport_cpp.dir/rosidl_typesupport_cpp/flare_detect/msg/detected__type_support.cpp.o[0m
[ 18%] [32m[1mLinking C shared library libflare_detect__rosidl_generator_c.so[0m
[ 21%] Built target flare_detect__rosidl_generator_c
[35m[1mConsolidate compiler generated dependencies of target flare_detect__rosidl_typesupport_introspection_c[0m
[35m[1mConsolidate compiler generated dependencies of target flare_detect__rosidl_typesupport_c[0m
[35m[1mConsolidate compiler generated dependencies of target flare_detect__rosidl_typesupport_fastrtps_c[0m
[ 24%] [32mBuilding C object CMakeFiles/flare_detect__rosidl_typesupport_introspection_c.dir/rosidl_typesupport_introspection_c/flare_detect/msg/detail/detected__type_support.c.o[0m
[ 27%] [32mBuilding CXX object CMakeFiles/flare_detect__rosidl_typesupport_c.dir/rosidl_typesupport_c/flare_detect/msg/detected__type_support.cpp.o[0m
[ 30%] [32mBuilding CXX object CMakeFiles/flare_detect__rosidl_typesupport_fastrtps_c.dir/rosidl_typesupport_fastrtps_c/flare_detect/msg/detail/detected__type_support_c.cpp.o[0m
[ 33%] [32m[1mLinking CXX shared library libflare_detect__rosidl_typesupport_c.so[0m
[ 36%] [32m[1mLinking C shared library libflare_detect__rosidl_typesupport_introspection_c.so[0m
[ 39%] Built target flare_detect__rosidl_typesupport_introspection_c
[ 42%] Built target flare_detect__rosidl_typesupport_c
running egg_info
writing flare_detect.egg-info/PKG-INFO
writing dependency_links to flare_detect.egg-info/dependency_links.txt
writing top-level names to flare_detect.egg-info/top_level.txt
reading manifest file 'flare_detect.egg-info/SOURCES.txt'
writing manifest file 'flare_detect.egg-info/SOURCES.txt'
[ 45%] [32m[1mLinking CXX shared library libflare_detect__rosidl_typesupport_cpp.so[0m
[ 45%] Built target ament_cmake_python_build_flare_detect_egg
[ 48%] Built target flare_detect__rosidl_typesupport_cpp
[ 51%] [32mBuilding CXX object CMakeFiles/detection.dir/src/detection.cpp.o[0m
[ 54%] [32m[1mLinking CXX shared library libflare_detect__rosidl_typesupport_fastrtps_c.so[0m
[ 57%] [32m[1mLinking CXX shared library libflare_detect__rosidl_typesupport_introspection_cpp.so[0m
[ 60%] [32m[1mLinking CXX shared library libflare_detect__rosidl_typesupport_fastrtps_cpp.so[0m
[ 63%] Built target flare_detect__rosidl_typesupport_introspection_cpp
[ 66%] Built target flare_detect__rosidl_typesupport_fastrtps_c
[ 69%] Built target flare_detect__rosidl_typesupport_fastrtps_cpp
[ 69%] Built target flare_detect
[ 72%] Built target flare_detect__py
[35m[1mConsolidate compiler generated dependencies of target flare_detect__rosidl_generator_py[0m
[ 75%] [32mBuilding C object CMakeFiles/flare_detect__rosidl_generator_py.dir/rosidl_generator_py/flare_detect/msg/_detected_s.c.o[0m
[ 78%] [32m[1mLinking C shared library rosidl_generator_py/flare_detect/libflare_detect__rosidl_generator_py.so[0m
[ 78%] Built target flare_detect__rosidl_generator_py
[35m[1mConsolidate compiler generated dependencies of target flare_detect__rosidl_typesupport_c__pyext[0m
[35m[1mConsolidate compiler generated dependencies of target flare_detect__rosidl_typesupport_introspection_c__pyext[0m
[35m[1mConsolidate compiler generated dependencies of target flare_detect__rosidl_typesupport_fastrtps_c__pyext[0m
[ 87%] [32mBuilding C object CMakeFiles/flare_detect__rosidl_typesupport_fastrtps_c__pyext.dir/rosidl_generator_py/flare_detect/_flare_detect_s.ep.rosidl_typesupport_fastrtps_c.c.o[0m
[ 87%] [32mBuilding C object CMakeFiles/flare_detect__rosidl_typesupport_c__pyext.dir/rosidl_generator_py/flare_detect/_flare_detect_s.ep.rosidl_typesupport_c.c.o[0m
[ 87%] [32mBuilding C object CMakeFiles/flare_detect__rosidl_typesupport_introspection_c__pyext.dir/rosidl_generator_py/flare_detect/_flare_detect_s.ep.rosidl_typesupport_introspection_c.c.o[0m
[ 90%] [32m[1mLinking C shared library rosidl_generator_py/flare_detect/flare_detect_s__rosidl_typesupport_c.cpython-310-x86_64-linux-gnu.so[0m
[ 93%] [32m[1mLinking C shared library rosidl_generator_py/flare_detect/flare_detect_s__rosidl_typesupport_introspection_c.cpython-310-x86_64-linux-gnu.so[0m
[ 96%] [32m[1mLinking C shared library rosidl_generator_py/flare_detect/flare_detect_s__rosidl_typesupport_fastrtps_c.cpython-310-x86_64-linux-gnu.so[0m
[ 96%] Built target flare_detect__rosidl_typesupport_introspection_c__pyext
[ 96%] Built target flare_detect__rosidl_typesupport_c__pyext
[ 96%] Built target flare_detect__rosidl_typesupport_fastrtps_c__pyext
[01m[K/home/etern1ty/ros2_ws/src/flare_detect/src/detection.cpp:89:51:[m[K [01;31m[Kerror: [m[Ktemplate argument 1 is invalid
   89 |     rclcpp::Publisher<flare_detect:msg::Detected()[01;31m[K>[m[K::SharedPtr publisher_;
      |                                                   [01;31m[K^[m[K
[01m[K/home/etern1ty/ros2_ws/src/flare_detect/src/detection.cpp:89:54:[m[K [01;31m[Kerror: [m[Kexpected â€˜[01m[K;[m[Kâ€™ at end of member declaration
   89 |     rclcpp::Publisher<flare_detect:msg::Detected()>::[01;31m[KSharedPtr[m[K publisher_;
      |                                                      [01;31m[K^~~~~~~~~[m[K
      |                                                               [32m[K;[m[K
[01m[K/home/etern1ty/ros2_ws/src/flare_detect/src/detection.cpp:89:64:[m[K [01;31m[Kerror: [m[Kâ€˜[01m[Kpublisher_[m[Kâ€™ does not name a type; did you mean â€˜[01m[Krmw_publisher_t[m[Kâ€™?
   89 |     rclcpp::Publisher<flare_detect:msg::Detected()>::SharedPtr [01;31m[Kpublisher_[m[K;
      |                                                                [01;31m[K^~~~~~~~~~[m[K
      |                                                                [32m[Krmw_publisher_t[m[K
[01m[K/home/etern1ty/ros2_ws/src/flare_detect/src/detection.cpp:[m[K In constructor â€˜[01m[KDetection::Detection()[m[Kâ€™:
[01m[K/home/etern1ty/ros2_ws/src/flare_detect/src/detection.cpp:43:5:[m[K [01;31m[Kerror: [m[Kâ€˜[01m[Kpublisher_[m[Kâ€™ was not declared in this scope; did you mean â€˜[01m[Krmw_publisher_t[m[Kâ€™?
   43 |     [01;31m[Kpublisher_[m[K = this->create_publisher<flare_detect:msg::Detected>("object_found", 10);
      |     [01;31m[K^~~~~~~~~~[m[K
      |     [32m[Krmw_publisher_t[m[K
[01m[K/home/etern1ty/ros2_ws/src/flare_detect/src/detection.cpp:43:53:[m[K [01;31m[Kerror: [m[Kfound â€˜[01m[K:[m[Kâ€™ in nested-name-specifier, expected â€˜[01m[K::[m[Kâ€™
   43 |     publisher_ = this->create_publisher<flare_detect[01;31m[K:[m[Kmsg::Detected>("object_found", 10);
      |                                                     [01;31m[K^[m[K
      |                                                     [32m[K::[m[K
[01m[K/home/etern1ty/ros2_ws/src/flare_detect/src/detection.cpp:46:10:[m[K [01;31m[Kerror: [m[Kâ€˜[01m[Kcamsrc_[m[Kâ€™ was not declared in this scope; did you mean â€˜[01m[Kcamsrc[m[Kâ€™?
   46 |     if (![01;31m[Kcamsrc_[m[K.isOpened()) {
      |          [01;31m[K^~~~~~~[m[K
      |          [32m[Kcamsrc[m[K
[01m[K/home/etern1ty/ros2_ws/src/flare_detect/src/detection.cpp:50:12:[m[K [01;31m[Kerror: [m[Kâ€˜[01m[Kcamsrc_[m[Kâ€™ was not declared in this scope; did you mean â€˜[01m[Kcamsrc[m[Kâ€™?
   50 |     while ([01;31m[Kcamsrc_[m[K.isOpened()) {
      |            [01;31m[K^~~~~~~[m[K
      |            [32m[Kcamsrc[m[K
[01m[K/home/etern1ty/ros2_ws/src/flare_detect/src/detection.cpp:58:9:[m[K [01;31m[Kerror: [m[Kâ€˜[01m[Kcvtcolor[m[Kâ€™ was not declared in this scope
   58 |         [01;31m[Kcvtcolor[m[K(frame, framehsv, COLOR_BGR2HSV);
      |         [01;31m[K^~~~~~~~[m[K
[01m[K/home/etern1ty/ros2_ws/src/flare_detect/src/detection.cpp:69:36:[m[K [01;31m[Kerror: [m[Kfound â€˜[01m[K:[m[Kâ€™ in nested-name-specifier, expected â€˜[01m[K::[m[Kâ€™
   69 |         auto message = flare_detect[01;31m[K:[m[Kmsg::Detected();
      |                                    [01;31m[K^[m[K
      |                                    [32m[K::[m[K
[01m[K/home/etern1ty/ros2_ws/src/flare_detect/src/detection.cpp:84:5:[m[K [01;31m[Kerror: [m[Kâ€˜[01m[Kcamsrc_[m[Kâ€™ was not declared in this scope; did you mean â€˜[01m[Kcamsrc[m[Kâ€™?
   84 |     [01;31m[Kcamsrc_[m[K.release();
      |     [01;31m[K^~~~~~~[m[K
      |     [32m[Kcamsrc[m[K
gmake[2]: *** [CMakeFiles/detection.dir/build.make:76: CMakeFiles/detection.dir/src/detection.cpp.o] Error 1
gmake[1]: *** [CMakeFiles/Makefile2:593: CMakeFiles/detection.dir/all] Error 2
gmake: *** [Makefile:146: all] Error 2
