[01m[K/home/etern1ty/ros2_ws/src/flare_detect/src/detection.cpp:21:10:[m[K [01;31m[Kfatal error: [m[Kmsg/detected.hpp: No such file or directory
   21 | #include [01;31m[K"msg/detected.hpp"[m[K
      |          [01;31m[K^~~~~~~~~~~~~~~~~~[m[K
compilation terminated.
gmake[2]: *** [CMakeFiles/detection.dir/build.make:76: CMakeFiles/detection.dir/src/detection.cpp.o] Error 1
gmake[1]: *** [CMakeFiles/Makefile2:592: CMakeFiles/detection.dir/all] Error 2
gmake[1]: *** Waiting for unfinished jobs....
gmake: *** [Makefile:146: all] Error 2
