<?xml version="1.0" encoding="utf-8"?><testsuites><testsuite name="pytest" errors="0" failures="1" skipped="0" tests="9" time="19.064" timestamp="2024-02-01T00:47:16.941056" hostname="Etern1ty-14ALC6"><testcase classname="launch_testing_examples.launch_testing_examples.check_msgs_launch_test" name="launch_testing_examples.check_msgs_launch_test" time="5.191"><failure message="launch_testing_examples.check_msgs_launch_test.TestFixture.test_check_if_msgs_published failed">
===================================================================================================================================================================================
FAIL: launch_testing_examples.check_msgs_launch_test.TestFixture.test_check_if_msgs_published
-----------------------------------------------------------------------------------------------------------------------------------------------------------------------------------
Traceback (most recent call last):
  File "/home/etern1ty/ros2_ws/src/src/examples/launch_testing/launch_testing_examples/launch_testing_examples/check_msgs_launch_test.py", line 43, in test_check_if_msgs_published
    with WaitForTopics([('chatter', String)], timeout=5.0):
  File "/opt/ros/humble/lib/python3.10/site-packages/launch_testing_ros/wait_for_topics.py", line 113, in __enter__
    raise RuntimeError('Did not receive messages on these topics: ',
RuntimeError: ('Did not receive messages on these topics: ', {'chatter'})
</failure></testcase><testcase classname="launch_testing_examples.launch_testing_examples.check_multiple_nodes_launch_test" name="launch_testing_examples.check_multiple_nodes_launch_test" time="3.823" /><testcase classname="launch_testing_examples.launch_testing_examples.check_node_launch_test" name="launch_testing_examples.check_node_launch_test" time="5.657" /><testcase classname="launch_testing_examples.launch_testing_examples.hello_world_launch_test" name="launch_testing_examples.hello_world_launch_test" time="0.008" /><testcase classname="launch_testing_examples.launch_testing_examples.record_rosbag_launch_test" name="launch_testing_examples.record_rosbag_launch_test" time="3.224" /><testcase classname="launch_testing_examples.launch_testing_examples.set_param_launch_test" name="launch_testing_examples.set_param_launch_test" time="0.387" /><testcase classname="launch_testing_examples.test.test_copyright" name="test_copyright" time="0.283" /><testcase classname="launch_testing_examples.test.test_flake8" name="test_flake8" time="0.168" /><testcase classname="launch_testing_examples.test.test_pep257" name="test_pep257" time="0.057" /></testsuite></testsuites>